<?xml version="1.0" encoding="UTF-8"?>
<coverage generated="1709282306642" clover="3.2.0">
  <project timestamp="1709282306642" name="All files">
    <metrics statements="236" coveredstatements="139" conditionals="59" coveredconditionals="30" methods="88" coveredmethods="48" elements="383" coveredelements="217" complexity="0" loc="236" ncloc="236" packages="1" files="20" classes="20"/>
    <file name="App.jsx" path="C:\Users\sai\Desktop\basic saga\redux-saga-beginner-tutorial\Ecommerce\redux-saga\src\App.jsx">
      <metrics statements="7" coveredstatements="0" conditionals="0" coveredconditionals="0" methods="7" coveredmethods="0"/>
      <line num="6" count="0" type="stmt"/>
      <line num="7" count="0" type="stmt"/>
      <line num="8" count="0" type="stmt"/>
      <line num="9" count="0" type="stmt"/>
      <line num="10" count="0" type="stmt"/>
      <line num="11" count="0" type="stmt"/>
      <line num="14" count="0" type="stmt"/>
    </file>
    <file name="Cart.jsx" path="C:\Users\sai\Desktop\basic saga\redux-saga-beginner-tutorial\Ecommerce\redux-saga\src\Cart.jsx">
      <metrics statements="11" coveredstatements="10" conditionals="2" coveredconditionals="1" methods="7" coveredmethods="6"/>
      <line num="9" count="4" type="stmt"/>
      <line num="10" count="2" type="stmt"/>
      <line num="11" count="2" type="stmt"/>
      <line num="13" count="2" type="stmt"/>
      <line num="14" count="1" type="stmt"/>
      <line num="17" count="2" type="stmt"/>
      <line num="18" count="0" type="stmt"/>
      <line num="21" count="2" type="stmt"/>
      <line num="31" count="4" type="stmt"/>
      <line num="48" count="1" type="stmt"/>
      <line num="64" count="4" type="stmt"/>
    </file>
    <file name="Checkout.jsx" path="C:\Users\sai\Desktop\basic saga\redux-saga-beginner-tutorial\Ecommerce\redux-saga\src\Checkout.jsx">
      <metrics statements="11" coveredstatements="8" conditionals="2" coveredconditionals="2" methods="6" coveredmethods="3"/>
      <line num="8" count="2" type="stmt"/>
      <line num="9" count="2" type="stmt"/>
      <line num="10" count="2" type="stmt"/>
      <line num="12" count="2" type="stmt"/>
      <line num="13" count="0" type="stmt"/>
      <line num="16" count="2" type="stmt"/>
      <line num="17" count="0" type="stmt"/>
      <line num="18" count="0" type="stmt"/>
      <line num="21" count="2" type="stmt"/>
      <line num="32" count="2" type="stmt"/>
      <line num="57" count="2" type="stmt"/>
    </file>
    <file name="Counter.jsx" path="C:\Users\sai\Desktop\basic saga\redux-saga-beginner-tutorial\Ecommerce\redux-saga\src\Counter.jsx">
      <metrics statements="6" coveredstatements="6" conditionals="0" coveredconditionals="0" methods="4" coveredmethods="4"/>
      <line num="6" count="2" type="stmt"/>
      <line num="7" count="4" type="stmt"/>
      <line num="8" count="2" type="stmt"/>
      <line num="9" count="2" type="stmt"/>
      <line num="12" count="1" type="stmt"/>
      <line num="16" count="1" type="stmt"/>
    </file>
    <file name="Dropdown.jsx" path="C:\Users\sai\Desktop\basic saga\redux-saga-beginner-tutorial\Ecommerce\redux-saga\src\Dropdown.jsx">
      <metrics statements="10" coveredstatements="10" conditionals="0" coveredconditionals="0" methods="3" coveredmethods="3"/>
      <line num="5" count="2" type="stmt"/>
      <line num="6" count="7" type="stmt"/>
      <line num="7" count="7" type="stmt"/>
      <line num="9" count="7" type="stmt"/>
      <line num="10" count="1" type="stmt"/>
      <line num="11" count="1" type="stmt"/>
      <line num="12" count="1" type="stmt"/>
      <line num="15" count="7" type="stmt"/>
      <line num="16" count="7" type="stmt"/>
      <line num="20" count="70" type="stmt"/>
    </file>
    <file name="Footer.jsx" path="C:\Users\sai\Desktop\basic saga\redux-saga-beginner-tutorial\Ecommerce\redux-saga\src\Footer.jsx">
      <metrics statements="2" coveredstatements="2" conditionals="0" coveredconditionals="0" methods="1" coveredmethods="1"/>
      <line num="4" count="1" type="stmt"/>
      <line num="5" count="1" type="stmt"/>
    </file>
    <file name="Header.jsx" path="C:\Users\sai\Desktop\basic saga\redux-saga-beginner-tutorial\Ecommerce\redux-saga\src\Header.jsx">
      <metrics statements="3" coveredstatements="3" conditionals="0" coveredconditionals="0" methods="2" coveredmethods="2"/>
      <line num="8" count="1" type="stmt"/>
      <line num="9" count="2" type="stmt"/>
      <line num="12" count="1" type="stmt"/>
    </file>
    <file name="HomePage.jsx" path="C:\Users\sai\Desktop\basic saga\redux-saga-beginner-tutorial\Ecommerce\redux-saga\src\HomePage.jsx">
      <metrics statements="23" coveredstatements="0" conditionals="7" coveredconditionals="0" methods="10" coveredmethods="0"/>
      <line num="13" count="0" type="stmt"/>
      <line num="14" count="0" type="stmt"/>
      <line num="15" count="0" type="stmt"/>
      <line num="17" count="0" type="stmt"/>
      <line num="18" count="0" type="stmt"/>
      <line num="20" count="0" type="stmt"/>
      <line num="21" count="0" type="stmt"/>
      <line num="24" count="0" type="stmt"/>
      <line num="25" count="0" type="stmt"/>
      <line num="31" count="0" type="stmt"/>
      <line num="32" count="0" type="stmt"/>
      <line num="33" count="0" type="stmt"/>
      <line num="36" count="0" type="stmt"/>
      <line num="37" count="0" type="stmt"/>
      <line num="40" count="0" type="stmt"/>
      <line num="41" count="0" type="stmt"/>
      <line num="42" count="0" type="cond" truecount="0" falsecount="2"/>
      <line num="43" count="0" type="stmt"/>
      <line num="45" count="0" type="stmt"/>
      <line num="46" count="0" type="stmt"/>
      <line num="50" count="0" type="stmt"/>
      <line num="60" count="0" type="stmt"/>
      <line num="91" count="0" type="stmt"/>
    </file>
    <file name="Left.jsx" path="C:\Users\sai\Desktop\basic saga\redux-saga-beginner-tutorial\Ecommerce\redux-saga\src\Left.jsx">
      <metrics statements="9" coveredstatements="9" conditionals="0" coveredconditionals="0" methods="4" coveredmethods="4"/>
      <line num="7" count="3" type="stmt"/>
      <line num="9" count="3" type="stmt"/>
      <line num="11" count="3" type="stmt"/>
      <line num="19" count="3" type="stmt"/>
      <line num="20" count="1" type="stmt"/>
      <line num="21" count="1" type="stmt"/>
      <line num="24" count="3" type="stmt"/>
      <line num="27" count="15" type="stmt"/>
      <line num="34" count="1" type="stmt"/>
    </file>
    <file name="Modal.jsx" path="C:\Users\sai\Desktop\basic saga\redux-saga-beginner-tutorial\Ecommerce\redux-saga\src\Modal.jsx">
      <metrics statements="5" coveredstatements="5" conditionals="2" coveredconditionals="2" methods="2" coveredmethods="2"/>
      <line num="6" count="5" type="stmt"/>
      <line num="7" count="5" type="cond" truecount="2" falsecount="0"/>
      <line num="8" count="1" type="stmt"/>
      <line num="11" count="4" type="stmt"/>
      <line num="17" count="1" type="stmt"/>
    </file>
    <file name="ProductDetails.jsx" path="C:\Users\sai\Desktop\basic saga\redux-saga-beginner-tutorial\Ecommerce\redux-saga\src\ProductDetails.jsx">
      <metrics statements="25" coveredstatements="23" conditionals="6" coveredconditionals="4" methods="6" coveredmethods="5"/>
      <line num="6" count="1" type="stmt"/>
      <line num="7" count="2" type="stmt"/>
      <line num="8" count="2" type="stmt"/>
      <line num="9" count="3" type="stmt"/>
      <line num="10" count="2" type="stmt"/>
      <line num="12" count="2" type="stmt"/>
      <line num="13" count="1" type="stmt"/>
      <line num="14" count="1" type="stmt"/>
      <line num="17" count="2" type="stmt"/>
      <line num="18" count="0" type="stmt"/>
      <line num="21" count="2" type="stmt"/>
      <line num="22" count="1" type="stmt"/>
      <line num="23" count="1" type="stmt"/>
      <line num="24" count="1" type="stmt"/>
      <line num="25" count="1" type="stmt"/>
      <line num="26" count="1" type="cond" truecount="1" falsecount="1"/>
      <line num="28" count="1" type="stmt"/>
      <line num="29" count="1" type="stmt"/>
      <line num="30" count="4" type="stmt"/>
      <line num="32" count="1" type="cond" truecount="1" falsecount="1"/>
      <line num="33" count="1" type="stmt"/>
      <line num="35" count="1" type="stmt"/>
      <line num="36" count="0" type="stmt"/>
      <line num="38" count="1" type="stmt"/>
      <line num="41" count="2" type="stmt"/>
    </file>
    <file name="Right.jsx" path="C:\Users\sai\Desktop\basic saga\redux-saga-beginner-tutorial\Ecommerce\redux-saga\src\Right.jsx">
      <metrics statements="1" coveredstatements="1" conditionals="0" coveredconditionals="0" methods="1" coveredmethods="1"/>
      <line num="4" count="1" type="stmt"/>
    </file>
    <file name="SignUp.jsx" path="C:\Users\sai\Desktop\basic saga\redux-saga-beginner-tutorial\Ecommerce\redux-saga\src\SignUp.jsx">
      <metrics statements="17" coveredstatements="0" conditionals="9" coveredconditionals="0" methods="5" coveredmethods="0"/>
      <line num="5" count="0" type="stmt"/>
      <line num="6" count="0" type="stmt"/>
      <line num="7" count="0" type="stmt"/>
      <line num="8" count="0" type="stmt"/>
      <line num="9" count="0" type="stmt"/>
      <line num="11" count="0" type="stmt"/>
      <line num="12" count="0" type="cond" truecount="0" falsecount="5"/>
      <line num="13" count="0" type="stmt"/>
      <line num="14" count="0" type="stmt"/>
      <line num="16" count="0" type="cond" truecount="0" falsecount="2"/>
      <line num="17" count="0" type="stmt"/>
      <line num="18" count="0" type="stmt"/>
      <line num="21" count="0" type="stmt"/>
      <line num="25" count="0" type="stmt"/>
      <line num="32" count="0" type="stmt"/>
      <line num="38" count="0" type="stmt"/>
      <line num="44" count="0" type="stmt"/>
    </file>
    <file name="SmallHeader.jsx" path="C:\Users\sai\Desktop\basic saga\redux-saga-beginner-tutorial\Ecommerce\redux-saga\src\SmallHeader.jsx">
      <metrics statements="19" coveredstatements="0" conditionals="0" coveredconditionals="0" methods="6" coveredmethods="0"/>
      <line num="7" count="0" type="stmt"/>
      <line num="9" count="0" type="stmt"/>
      <line num="17" count="0" type="stmt"/>
      <line num="18" count="0" type="stmt"/>
      <line num="21" count="0" type="stmt"/>
      <line num="22" count="0" type="stmt"/>
      <line num="25" count="0" type="stmt"/>
      <line num="26" count="0" type="stmt"/>
      <line num="27" count="0" type="stmt"/>
      <line num="28" count="0" type="stmt"/>
      <line num="29" count="0" type="stmt"/>
      <line num="30" count="0" type="stmt"/>
      <line num="31" count="0" type="stmt"/>
      <line num="32" count="0" type="stmt"/>
      <line num="34" count="0" type="stmt"/>
      <line num="35" count="0" type="stmt"/>
      <line num="39" count="0" type="stmt"/>
      <line num="43" count="0" type="stmt"/>
      <line num="46" count="0" type="stmt"/>
    </file>
    <file name="action.js" path="C:\Users\sai\Desktop\basic saga\redux-saga-beginner-tutorial\Ecommerce\redux-saga\src\action.js">
      <metrics statements="12" coveredstatements="11" conditionals="0" coveredconditionals="0" methods="10" coveredmethods="8"/>
      <line num="10" count="6" type="stmt"/>
      <line num="15" count="6" type="stmt"/>
      <line num="21" count="6" type="stmt"/>
      <line num="26" count="6" type="stmt"/>
      <line num="31" count="6" type="stmt"/>
      <line num="32" count="3" type="stmt"/>
      <line num="40" count="6" type="stmt"/>
      <line num="44" count="6" type="stmt"/>
      <line num="45" count="0" type="stmt"/>
      <line num="50" count="6" type="stmt"/>
      <line num="54" count="6" type="stmt"/>
      <line num="58" count="6" type="stmt"/>
    </file>
    <file name="constants.js" path="C:\Users\sai\Desktop\basic saga\redux-saga-beginner-tutorial\Ecommerce\redux-saga\src\constants.js">
      <metrics statements="9" coveredstatements="9" conditionals="0" coveredconditionals="0" methods="0" coveredmethods="0"/>
      <line num="1" count="7" type="stmt"/>
      <line num="2" count="7" type="stmt"/>
      <line num="3" count="7" type="stmt"/>
      <line num="4" count="7" type="stmt"/>
      <line num="5" count="7" type="stmt"/>
      <line num="6" count="7" type="stmt"/>
      <line num="7" count="7" type="stmt"/>
      <line num="8" count="7" type="stmt"/>
      <line num="9" count="7" type="stmt"/>
    </file>
    <file name="helloSagas.js" path="C:\Users\sai\Desktop\basic saga\redux-saga-beginner-tutorial\Ecommerce\redux-saga\src\helloSagas.js">
      <metrics statements="5" coveredstatements="0" conditionals="0" coveredconditionals="0" methods="2" coveredmethods="0"/>
      <line num="6" count="0" type="stmt"/>
      <line num="7" count="0" type="stmt"/>
      <line num="8" count="0" type="stmt"/>
      <line num="10" count="0" type="stmt"/>
      <line num="15" count="0" type="stmt"/>
    </file>
    <file name="main.jsx" path="C:\Users\sai\Desktop\basic saga\redux-saga-beginner-tutorial\Ecommerce\redux-saga\src\main.jsx">
      <metrics statements="1" coveredstatements="0" conditionals="0" coveredconditionals="0" methods="0" coveredmethods="0"/>
      <line num="8" count="0" type="stmt"/>
    </file>
    <file name="reducer.js" path="C:\Users\sai\Desktop\basic saga\redux-saga-beginner-tutorial\Ecommerce\redux-saga\src\reducer.js">
      <metrics statements="57" coveredstatements="42" conditionals="31" coveredconditionals="21" methods="12" coveredmethods="9"/>
      <line num="12" count="1" type="stmt"/>
      <line num="16" count="1" type="stmt"/>
      <line num="24" count="1" type="stmt"/>
      <line num="28" count="1" type="stmt"/>
      <line num="33" count="1" type="stmt"/>
      <line num="36" count="1" type="cond" truecount="1" falsecount="0"/>
      <line num="37" count="7" type="cond" truecount="4" falsecount="0"/>
      <line num="39" count="1" type="stmt"/>
      <line num="44" count="1" type="stmt"/>
      <line num="50" count="1" type="stmt"/>
      <line num="58" count="4" type="stmt"/>
      <line num="61" count="1" type="cond" truecount="1" falsecount="0"/>
      <line num="62" count="6" type="cond" truecount="3" falsecount="2"/>
      <line num="65" count="1" type="stmt"/>
      <line num="66" count="0" type="stmt"/>
      <line num="69" count="1" type="cond" truecount="1" falsecount="1"/>
      <line num="71" count="0" type="stmt"/>
      <line num="72" count="0" type="stmt"/>
      <line num="73" count="0" type="stmt"/>
      <line num="79" count="1" type="stmt"/>
      <line num="85" count="1" type="stmt"/>
      <line num="87" count="2" type="stmt"/>
      <line num="90" count="0" type="stmt"/>
      <line num="95" count="0" type="stmt"/>
      <line num="98" count="0" type="stmt"/>
      <line num="99" count="0" type="cond" truecount="0" falsecount="2"/>
      <line num="100" count="0" type="stmt"/>
      <line num="105" count="0" type="stmt"/>
      <line num="110" count="4" type="stmt"/>
      <line num="114" count="1" type="cond" truecount="1" falsecount="0"/>
      <line num="115" count="8" type="cond" truecount="6" falsecount="0"/>
      <line num="117" count="1" type="cond" truecount="1" falsecount="1"/>
      <line num="119" count="0" type="stmt"/>
      <line num="124" count="1" type="stmt"/>
      <line num="130" count="1" type="stmt"/>
      <line num="131" count="4" type="stmt"/>
      <line num="133" count="1" type="stmt"/>
      <line num="138" count="1" type="stmt"/>
      <line num="139" count="4" type="stmt"/>
      <line num="141" count="1" type="stmt"/>
      <line num="146" count="1" type="stmt"/>
      <line num="147" count="4" type="stmt"/>
      <line num="149" count="1" type="stmt"/>
      <line num="154" count="1" type="stmt"/>
      <line num="155" count="4" type="stmt"/>
      <line num="157" count="1" type="stmt"/>
      <line num="163" count="3" type="stmt"/>
      <line num="166" count="1" type="cond" truecount="1" falsecount="0"/>
      <line num="167" count="5" type="cond" truecount="2" falsecount="1"/>
      <line num="169" count="1" type="stmt"/>
      <line num="174" count="0" type="stmt"/>
      <line num="179" count="4" type="stmt"/>
      <line num="183" count="1" type="cond" truecount="0" falsecount="1"/>
      <line num="184" count="0" type="cond" truecount="0" falsecount="2"/>
      <line num="186" count="0" type="stmt"/>
      <line num="191" count="0" type="stmt"/>
      <line num="197" count="1" type="stmt"/>
    </file>
    <file name="store.js" path="C:\Users\sai\Desktop\basic saga\redux-saga-beginner-tutorial\Ecommerce\redux-saga\src\store.js">
      <metrics statements="3" coveredstatements="0" conditionals="0" coveredconditionals="0" methods="0" coveredmethods="0"/>
      <line num="6" count="0" type="stmt"/>
      <line num="8" count="0" type="stmt"/>
      <line num="9" count="0" type="stmt"/>
    </file>
  </project>
</coverage>
