{"C:\\Users\\sai\\Desktop\\basic saga\\redux-saga-beginner-tutorial\\Ecommerce\\redux-saga\\src\\App.jsx": {"path":"C:\\Users\\sai\\Desktop\\basic saga\\redux-saga-beginner-tutorial\\Ecommerce\\redux-saga\\src\\App.jsx","statementMap":{"0":{"start":{"line":6,"column":16},"end":{"line":6,"column":53}},"1":{"start":{"line":6,"column":33},"end":{"line":6,"column":52}},"2":{"start":{"line":7,"column":17},"end":{"line":7,"column":55}},"3":{"start":{"line":7,"column":34},"end":{"line":7,"column":54}},"4":{"start":{"line":8,"column":13},"end":{"line":8,"column":47}},"5":{"start":{"line":8,"column":30},"end":{"line":8,"column":46}},"6":{"start":{"line":9,"column":19},"end":{"line":9,"column":55}},"7":{"start":{"line":9,"column":36},"end":{"line":9,"column":54}},"8":{"start":{"line":10,"column":17},"end":{"line":10,"column":55}},"9":{"start":{"line":10,"column":34},"end":{"line":10,"column":54}},"10":{"start":{"line":11,"column":23},"end":{"line":11,"column":67}},"11":{"start":{"line":11,"column":40},"end":{"line":11,"column":66}},"12":{"start":{"line":14,"column":2},"end":{"line":31,"column":4}}},"fnMap":{"0":{"name":"(anonymous_0)","decl":{"start":{"line":6,"column":27},"end":{"line":6,"column":28}},"loc":{"start":{"line":6,"column":33},"end":{"line":6,"column":52}},"line":6},"1":{"name":"(anonymous_1)","decl":{"start":{"line":7,"column":28},"end":{"line":7,"column":29}},"loc":{"start":{"line":7,"column":34},"end":{"line":7,"column":54}},"line":7},"2":{"name":"(anonymous_2)","decl":{"start":{"line":8,"column":24},"end":{"line":8,"column":25}},"loc":{"start":{"line":8,"column":30},"end":{"line":8,"column":46}},"line":8},"3":{"name":"(anonymous_3)","decl":{"start":{"line":9,"column":30},"end":{"line":9,"column":31}},"loc":{"start":{"line":9,"column":36},"end":{"line":9,"column":54}},"line":9},"4":{"name":"(anonymous_4)","decl":{"start":{"line":10,"column":28},"end":{"line":10,"column":29}},"loc":{"start":{"line":10,"column":34},"end":{"line":10,"column":54}},"line":10},"5":{"name":"(anonymous_5)","decl":{"start":{"line":11,"column":34},"end":{"line":11,"column":35}},"loc":{"start":{"line":11,"column":40},"end":{"line":11,"column":66}},"line":11},"6":{"name":"App","decl":{"start":{"line":13,"column":9},"end":{"line":13,"column":12}},"loc":{"start":{"line":13,"column":15},"end":{"line":32,"column":1}},"line":13}},"branchMap":{},"s":{"0":0,"1":0,"2":0,"3":0,"4":0,"5":0,"6":0,"7":0,"8":0,"9":0,"10":0,"11":0,"12":0},"f":{"0":0,"1":0,"2":0,"3":0,"4":0,"5":0,"6":0},"b":{}}
,"C:\\Users\\sai\\Desktop\\basic saga\\redux-saga-beginner-tutorial\\Ecommerce\\redux-saga\\src\\Cart.jsx": {"path":"C:\\Users\\sai\\Desktop\\basic saga\\redux-saga-beginner-tutorial\\Ecommerce\\redux-saga\\src\\Cart.jsx","statementMap":{"0":{"start":{"line":7,"column":20},"end":{"line":7,"column":71}},"1":{"start":{"line":7,"column":43},"end":{"line":7,"column":70}},"2":{"start":{"line":9,"column":19},"end":{"line":9,"column":32}},"3":{"start":{"line":11,"column":31},"end":{"line":13,"column":3}},"4":{"start":{"line":12,"column":4},"end":{"line":12,"column":29}},"5":{"start":{"line":15,"column":2},"end":{"line":55,"column":4}},"6":{"start":{"line":21,"column":12},"end":{"line":43,"column":17}},"7":{"start":{"line":36,"column":35},"end":{"line":36,"column":64}},"8":{"start":{"line":51,"column":45},"end":{"line":51,"column":63}}},"fnMap":{"0":{"name":"Cart","decl":{"start":{"line":6,"column":9},"end":{"line":6,"column":13}},"loc":{"start":{"line":6,"column":16},"end":{"line":56,"column":1}},"line":6},"1":{"name":"(anonymous_1)","decl":{"start":{"line":7,"column":32},"end":{"line":7,"column":33}},"loc":{"start":{"line":7,"column":43},"end":{"line":7,"column":70}},"line":7},"2":{"name":"(anonymous_2)","decl":{"start":{"line":11,"column":31},"end":{"line":11,"column":32}},"loc":{"start":{"line":11,"column":39},"end":{"line":13,"column":3}},"line":11},"3":{"name":"(anonymous_3)","decl":{"start":{"line":20,"column":25},"end":{"line":20,"column":26}},"loc":{"start":{"line":21,"column":12},"end":{"line":43,"column":17}},"line":21},"4":{"name":"(anonymous_4)","decl":{"start":{"line":36,"column":29},"end":{"line":36,"column":30}},"loc":{"start":{"line":36,"column":35},"end":{"line":36,"column":64}},"line":36},"5":{"name":"(anonymous_5)","decl":{"start":{"line":51,"column":28},"end":{"line":51,"column":29}},"loc":{"start":{"line":51,"column":45},"end":{"line":51,"column":63}},"line":51}},"branchMap":{},"s":{"0":2,"1":4,"2":2,"3":2,"4":1,"5":2,"6":4,"7":1,"8":4},"f":{"0":2,"1":4,"2":1,"3":4,"4":1,"5":4},"b":{},"_coverageSchema":"1a1c01bbd47fc00a2c39e90264f33305004495a9","hash":"1910b49dd06a0e55c7d5c4d819a9f762d4833b4f"}
,"C:\\Users\\sai\\Desktop\\basic saga\\redux-saga-beginner-tutorial\\Ecommerce\\redux-saga\\src\\Checkout.jsx": {"path":"C:\\Users\\sai\\Desktop\\basic saga\\redux-saga-beginner-tutorial\\Ecommerce\\redux-saga\\src\\Checkout.jsx","statementMap":{"0":{"start":{"line":4,"column":23},"end":{"line":21,"column":1}},"1":{"start":{"line":7,"column":21},"end":{"line":7,"column":60}},"2":{"start":{"line":11,"column":21},"end":{"line":11,"column":61}},"3":{"start":{"line":15,"column":21},"end":{"line":15,"column":62}},"4":{"start":{"line":19,"column":21},"end":{"line":19,"column":61}},"5":{"start":{"line":23,"column":2},"end":{"line":30,"column":4}}},"fnMap":{"0":{"name":"(anonymous_0)","decl":{"start":{"line":7,"column":15},"end":{"line":7,"column":16}},"loc":{"start":{"line":7,"column":21},"end":{"line":7,"column":60}},"line":7},"1":{"name":"(anonymous_1)","decl":{"start":{"line":11,"column":15},"end":{"line":11,"column":16}},"loc":{"start":{"line":11,"column":21},"end":{"line":11,"column":61}},"line":11},"2":{"name":"(anonymous_2)","decl":{"start":{"line":15,"column":15},"end":{"line":15,"column":16}},"loc":{"start":{"line":15,"column":21},"end":{"line":15,"column":62}},"line":15},"3":{"name":"(anonymous_3)","decl":{"start":{"line":19,"column":15},"end":{"line":19,"column":16}},"loc":{"start":{"line":19,"column":21},"end":{"line":19,"column":61}},"line":19},"4":{"name":"Checkout","decl":{"start":{"line":22,"column":9},"end":{"line":22,"column":17}},"loc":{"start":{"line":22,"column":20},"end":{"line":31,"column":1}},"line":22}},"branchMap":{},"s":{"0":1,"1":2,"2":0,"3":0,"4":0,"5":1},"f":{"0":2,"1":0,"2":0,"3":0,"4":1},"b":{},"_coverageSchema":"1a1c01bbd47fc00a2c39e90264f33305004495a9","hash":"9f8c6a8201c3da706ea8ab29c9a62796a70bcf11"}
,"C:\\Users\\sai\\Desktop\\basic saga\\redux-saga-beginner-tutorial\\Ecommerce\\redux-saga\\src\\CheckoutStepper.jsx": {"path":"C:\\Users\\sai\\Desktop\\basic saga\\redux-saga-beginner-tutorial\\Ecommerce\\redux-saga\\src\\CheckoutStepper.jsx","statementMap":{"0":{"start":{"line":5,"column":24},"end":{"line":90,"column":1}},"1":{"start":{"line":6,"column":40},"end":{"line":6,"column":51}},"2":{"start":{"line":7,"column":38},"end":{"line":7,"column":53}},"3":{"start":{"line":8,"column":32},"end":{"line":11,"column":4}},"4":{"start":{"line":12,"column":18},"end":{"line":12,"column":28}},"5":{"start":{"line":14,"column":2},"end":{"line":19,"column":36}},"6":{"start":{"line":15,"column":4},"end":{"line":18,"column":7}},"7":{"start":{"line":21,"column":2},"end":{"line":23,"column":3}},"8":{"start":{"line":22,"column":4},"end":{"line":22,"column":17}},"9":{"start":{"line":25,"column":21},"end":{"line":34,"column":3}},"10":{"start":{"line":26,"column":4},"end":{"line":33,"column":7}},"11":{"start":{"line":27,"column":6},"end":{"line":32,"column":7}},"12":{"start":{"line":28,"column":8},"end":{"line":28,"column":28}},"13":{"start":{"line":29,"column":8},"end":{"line":29,"column":24}},"14":{"start":{"line":31,"column":8},"end":{"line":31,"column":28}},"15":{"start":{"line":36,"column":36},"end":{"line":38,"column":3}},"16":{"start":{"line":37,"column":4},"end":{"line":37,"column":64}},"17":{"start":{"line":40,"column":26},"end":{"line":40,"column":65}},"18":{"start":{"line":42,"column":2},"end":{"line":89,"column":4}},"19":{"start":{"line":46,"column":10},"end":{"line":63,"column":12}},"20":{"start":{"line":49,"column":28},"end":{"line":49,"column":55}}},"fnMap":{"0":{"name":"(anonymous_0)","decl":{"start":{"line":5,"column":24},"end":{"line":5,"column":25}},"loc":{"start":{"line":5,"column":50},"end":{"line":90,"column":1}},"line":5},"1":{"name":"(anonymous_1)","decl":{"start":{"line":14,"column":12},"end":{"line":14,"column":13}},"loc":{"start":{"line":14,"column":18},"end":{"line":19,"column":3}},"line":14},"2":{"name":"(anonymous_2)","decl":{"start":{"line":25,"column":21},"end":{"line":25,"column":22}},"loc":{"start":{"line":25,"column":27},"end":{"line":34,"column":3}},"line":25},"3":{"name":"(anonymous_3)","decl":{"start":{"line":26,"column":19},"end":{"line":26,"column":20}},"loc":{"start":{"line":26,"column":33},"end":{"line":33,"column":5}},"line":26},"4":{"name":"(anonymous_4)","decl":{"start":{"line":36,"column":36},"end":{"line":36,"column":37}},"loc":{"start":{"line":36,"column":42},"end":{"line":38,"column":3}},"line":36},"5":{"name":"(anonymous_5)","decl":{"start":{"line":45,"column":25},"end":{"line":45,"column":26}},"loc":{"start":{"line":45,"column":42},"end":{"line":64,"column":9}},"line":45},"6":{"name":"(anonymous_6)","decl":{"start":{"line":49,"column":19},"end":{"line":49,"column":20}},"loc":{"start":{"line":49,"column":28},"end":{"line":49,"column":55}},"line":49}},"branchMap":{"0":{"loc":{"start":{"line":5,"column":27},"end":{"line":5,"column":43}},"type":"default-arg","locations":[{"start":{"line":5,"column":41},"end":{"line":5,"column":43}}],"line":5},"1":{"loc":{"start":{"line":21,"column":2},"end":{"line":23,"column":3}},"type":"if","locations":[{"start":{"line":21,"column":2},"end":{"line":23,"column":3}},{"start":{},"end":{}}],"line":21},"2":{"loc":{"start":{"line":27,"column":6},"end":{"line":32,"column":7}},"type":"if","locations":[{"start":{"line":27,"column":6},"end":{"line":32,"column":7}},{"start":{"line":30,"column":13},"end":{"line":32,"column":7}}],"line":27},"3":{"loc":{"start":{"line":51,"column":16},"end":{"line":51,"column":71}},"type":"cond-expr","locations":[{"start":{"line":51,"column":56},"end":{"line":51,"column":66}},{"start":{"line":51,"column":69},"end":{"line":51,"column":71}}],"line":51},"4":{"loc":{"start":{"line":51,"column":16},"end":{"line":51,"column":53}},"type":"binary-expr","locations":[{"start":{"line":51,"column":16},"end":{"line":51,"column":39}},{"start":{"line":51,"column":43},"end":{"line":51,"column":53}}],"line":51},"5":{"loc":{"start":{"line":52,"column":18},"end":{"line":52,"column":59}},"type":"cond-expr","locations":[{"start":{"line":52,"column":46},"end":{"line":52,"column":54}},{"start":{"line":52,"column":57},"end":{"line":52,"column":59}}],"line":52},"6":{"loc":{"start":{"line":55,"column":17},"end":{"line":59,"column":17}},"type":"cond-expr","locations":[{"start":{"line":56,"column":18},"end":{"line":56,"column":39}},{"start":{"line":58,"column":18},"end":{"line":58,"column":27}}],"line":55},"7":{"loc":{"start":{"line":55,"column":17},"end":{"line":55,"column":54}},"type":"binary-expr","locations":[{"start":{"line":55,"column":17},"end":{"line":55,"column":40}},{"start":{"line":55,"column":44},"end":{"line":55,"column":54}}],"line":55},"8":{"loc":{"start":{"line":83,"column":7},"end":{"line":87,"column":7}},"type":"binary-expr","locations":[{"start":{"line":83,"column":7},"end":{"line":83,"column":18}},{"start":{"line":84,"column":8},"end":{"line":86,"column":17}}],"line":83},"9":{"loc":{"start":{"line":85,"column":11},"end":{"line":85,"column":65}},"type":"cond-expr","locations":[{"start":{"line":85,"column":48},"end":{"line":85,"column":56}},{"start":{"line":85,"column":59},"end":{"line":85,"column":65}}],"line":85}},"s":{"0":1,"1":2,"2":2,"3":2,"4":2,"5":2,"6":1,"7":2,"8":0,"9":2,"10":0,"11":0,"12":0,"13":0,"14":0,"15":2,"16":2,"17":2,"18":2,"19":8,"20":16},"f":{"0":2,"1":1,"2":0,"3":0,"4":2,"5":8,"6":16},"b":{"0":[0],"1":[0,2],"2":[0,0],"3":[0,8],"4":[8,8],"5":[2,6],"6":[0,8],"7":[8,8],"8":[2,2],"9":[0,2]},"_coverageSchema":"1a1c01bbd47fc00a2c39e90264f33305004495a9","hash":"9571c2c24613bb71a855a93e0949520394176b08"}
,"C:\\Users\\sai\\Desktop\\basic saga\\redux-saga-beginner-tutorial\\Ecommerce\\redux-saga\\src\\Counter.jsx": {"path":"C:\\Users\\sai\\Desktop\\basic saga\\redux-saga-beginner-tutorial\\Ecommerce\\redux-saga\\src\\Counter.jsx","statementMap":{"0":{"start":{"line":6,"column":19},"end":{"line":6,"column":32}},"1":{"start":{"line":7,"column":16},"end":{"line":7,"column":57}},"2":{"start":{"line":7,"column":39},"end":{"line":7,"column":56}},"3":{"start":{"line":8,"column":2},"end":{"line":8,"column":30}},"4":{"start":{"line":9,"column":2},"end":{"line":20,"column":4}},"5":{"start":{"line":12,"column":43},"end":{"line":12,"column":64}},"6":{"start":{"line":16,"column":43},"end":{"line":16,"column":64}}},"fnMap":{"0":{"name":"Counter","decl":{"start":{"line":5,"column":9},"end":{"line":5,"column":16}},"loc":{"start":{"line":5,"column":19},"end":{"line":21,"column":1}},"line":5},"1":{"name":"(anonymous_1)","decl":{"start":{"line":7,"column":28},"end":{"line":7,"column":29}},"loc":{"start":{"line":7,"column":39},"end":{"line":7,"column":56}},"line":7},"2":{"name":"(anonymous_2)","decl":{"start":{"line":12,"column":37},"end":{"line":12,"column":38}},"loc":{"start":{"line":12,"column":43},"end":{"line":12,"column":64}},"line":12},"3":{"name":"(anonymous_3)","decl":{"start":{"line":16,"column":37},"end":{"line":16,"column":38}},"loc":{"start":{"line":16,"column":43},"end":{"line":16,"column":64}},"line":16}},"branchMap":{},"s":{"0":2,"1":2,"2":4,"3":2,"4":2,"5":1,"6":1},"f":{"0":2,"1":4,"2":1,"3":1},"b":{},"_coverageSchema":"1a1c01bbd47fc00a2c39e90264f33305004495a9","hash":"734130014d6dc70b3e7c75e1ff2f3dd47bfdc29a"}
,"C:\\Users\\sai\\Desktop\\basic saga\\redux-saga-beginner-tutorial\\Ecommerce\\redux-saga\\src\\Footer.jsx": {"path":"C:\\Users\\sai\\Desktop\\basic saga\\redux-saga-beginner-tutorial\\Ecommerce\\redux-saga\\src\\Footer.jsx","statementMap":{"0":{"start":{"line":4,"column":15},"end":{"line":51,"column":1}},"1":{"start":{"line":5,"column":2},"end":{"line":50,"column":4}}},"fnMap":{"0":{"name":"(anonymous_0)","decl":{"start":{"line":4,"column":15},"end":{"line":4,"column":16}},"loc":{"start":{"line":4,"column":21},"end":{"line":51,"column":1}},"line":4}},"branchMap":{},"s":{"0":1,"1":1},"f":{"0":1},"b":{},"_coverageSchema":"1a1c01bbd47fc00a2c39e90264f33305004495a9","hash":"bb7fb57da3f392887b2e2da3b136e86d89bb104f"}
,"C:\\Users\\sai\\Desktop\\basic saga\\redux-saga-beginner-tutorial\\Ecommerce\\redux-saga\\src\\Header.jsx": {"path":"C:\\Users\\sai\\Desktop\\basic saga\\redux-saga-beginner-tutorial\\Ecommerce\\redux-saga\\src\\Header.jsx","statementMap":{"0":{"start":{"line":7,"column":15},"end":{"line":7,"column":73}},"1":{"start":{"line":7,"column":38},"end":{"line":7,"column":72}},"2":{"start":{"line":8,"column":2},"end":{"line":8,"column":28}},"3":{"start":{"line":9,"column":2},"end":{"line":39,"column":4}}},"fnMap":{"0":{"name":"Header","decl":{"start":{"line":6,"column":9},"end":{"line":6,"column":15}},"loc":{"start":{"line":6,"column":18},"end":{"line":40,"column":1}},"line":6},"1":{"name":"(anonymous_1)","decl":{"start":{"line":7,"column":27},"end":{"line":7,"column":28}},"loc":{"start":{"line":7,"column":38},"end":{"line":7,"column":72}},"line":7}},"branchMap":{},"s":{"0":1,"1":2,"2":1,"3":1},"f":{"0":1,"1":2},"b":{},"_coverageSchema":"1a1c01bbd47fc00a2c39e90264f33305004495a9","hash":"9780a3d1f417f7547fc4cdaa26cd3cf030305ac3"}
,"C:\\Users\\sai\\Desktop\\basic saga\\redux-saga-beginner-tutorial\\Ecommerce\\redux-saga\\src\\HomePage.jsx": {"path":"C:\\Users\\sai\\Desktop\\basic saga\\redux-saga-beginner-tutorial\\Ecommerce\\redux-saga\\src\\HomePage.jsx","statementMap":{"0":{"start":{"line":13,"column":17},"end":{"line":107,"column":1}},"1":{"start":{"line":14,"column":16},"end":{"line":14,"column":58}},"2":{"start":{"line":14,"column":39},"end":{"line":14,"column":57}},"3":{"start":{"line":15,"column":16},"end":{"line":15,"column":64}},"4":{"start":{"line":15,"column":39},"end":{"line":15,"column":63}},"5":{"start":{"line":17,"column":19},"end":{"line":17,"column":32}},"6":{"start":{"line":18,"column":56},"end":{"line":18,"column":71}},"7":{"start":{"line":20,"column":2},"end":{"line":22,"column":17}},"8":{"start":{"line":21,"column":4},"end":{"line":21,"column":26}},"9":{"start":{"line":24,"column":2},"end":{"line":29,"column":24}},"10":{"start":{"line":25,"column":4},"end":{"line":28,"column":7}},"11":{"start":{"line":31,"column":26},"end":{"line":34,"column":3}},"12":{"start":{"line":32,"column":4},"end":{"line":32,"column":30}},"13":{"start":{"line":33,"column":4},"end":{"line":33,"column":50}},"14":{"start":{"line":36,"column":28},"end":{"line":38,"column":3}},"15":{"start":{"line":37,"column":4},"end":{"line":37,"column":49}},"16":{"start":{"line":40,"column":29},"end":{"line":48,"column":3}},"17":{"start":{"line":41,"column":18},"end":{"line":41,"column":40}},"18":{"start":{"line":42,"column":4},"end":{"line":47,"column":5}},"19":{"start":{"line":43,"column":6},"end":{"line":43,"column":25}},"20":{"start":{"line":45,"column":35},"end":{"line":45,"column":63}},"21":{"start":{"line":46,"column":6},"end":{"line":46,"column":34}},"22":{"start":{"line":50,"column":2},"end":{"line":106,"column":4}},"23":{"start":{"line":60,"column":12},"end":{"line":96,"column":18}},"24":{"start":{"line":91,"column":31},"end":{"line":91,"column":52}}},"fnMap":{"0":{"name":"(anonymous_0)","decl":{"start":{"line":13,"column":17},"end":{"line":13,"column":18}},"loc":{"start":{"line":13,"column":23},"end":{"line":107,"column":1}},"line":13},"1":{"name":"(anonymous_1)","decl":{"start":{"line":14,"column":28},"end":{"line":14,"column":29}},"loc":{"start":{"line":14,"column":39},"end":{"line":14,"column":57}},"line":14},"2":{"name":"(anonymous_2)","decl":{"start":{"line":15,"column":28},"end":{"line":15,"column":29}},"loc":{"start":{"line":15,"column":39},"end":{"line":15,"column":63}},"line":15},"3":{"name":"(anonymous_3)","decl":{"start":{"line":20,"column":12},"end":{"line":20,"column":13}},"loc":{"start":{"line":20,"column":18},"end":{"line":22,"column":3}},"line":20},"4":{"name":"(anonymous_4)","decl":{"start":{"line":24,"column":12},"end":{"line":24,"column":13}},"loc":{"start":{"line":24,"column":18},"end":{"line":29,"column":3}},"line":24},"5":{"name":"(anonymous_5)","decl":{"start":{"line":31,"column":26},"end":{"line":31,"column":27}},"loc":{"start":{"line":31,"column":36},"end":{"line":34,"column":3}},"line":31},"6":{"name":"(anonymous_6)","decl":{"start":{"line":36,"column":28},"end":{"line":36,"column":29}},"loc":{"start":{"line":36,"column":34},"end":{"line":38,"column":3}},"line":36},"7":{"name":"(anonymous_7)","decl":{"start":{"line":40,"column":29},"end":{"line":40,"column":30}},"loc":{"start":{"line":40,"column":46},"end":{"line":48,"column":3}},"line":40},"8":{"name":"(anonymous_8)","decl":{"start":{"line":59,"column":21},"end":{"line":59,"column":22}},"loc":{"start":{"line":60,"column":12},"end":{"line":96,"column":18}},"line":60},"9":{"name":"(anonymous_9)","decl":{"start":{"line":91,"column":25},"end":{"line":91,"column":26}},"loc":{"start":{"line":91,"column":31},"end":{"line":91,"column":52}},"line":91}},"branchMap":{"0":{"loc":{"start":{"line":42,"column":4},"end":{"line":47,"column":5}},"type":"if","locations":[{"start":{"line":42,"column":4},"end":{"line":47,"column":5}},{"start":{"line":44,"column":11},"end":{"line":47,"column":5}}],"line":42},"1":{"loc":{"start":{"line":66,"column":19},"end":{"line":71,"column":21}},"type":"binary-expr","locations":[{"start":{"line":66,"column":19},"end":{"line":66,"column":39}},{"start":{"line":67,"column":20},"end":{"line":67,"column":59}},{"start":{"line":68,"column":22},"end":{"line":70,"column":29}}],"line":66},"2":{"loc":{"start":{"line":72,"column":19},"end":{"line":76,"column":19}},"type":"binary-expr","locations":[{"start":{"line":72,"column":19},"end":{"line":72,"column":38}},{"start":{"line":73,"column":20},"end":{"line":75,"column":27}}],"line":72}},"s":{"0":0,"1":0,"2":0,"3":0,"4":0,"5":0,"6":0,"7":0,"8":0,"9":0,"10":0,"11":0,"12":0,"13":0,"14":0,"15":0,"16":0,"17":0,"18":0,"19":0,"20":0,"21":0,"22":0,"23":0,"24":0},"f":{"0":0,"1":0,"2":0,"3":0,"4":0,"5":0,"6":0,"7":0,"8":0,"9":0},"b":{"0":[0,0],"1":[0,0,0],"2":[0,0]}}
,"C:\\Users\\sai\\Desktop\\basic saga\\redux-saga-beginner-tutorial\\Ecommerce\\redux-saga\\src\\Left.jsx": {"path":"C:\\Users\\sai\\Desktop\\basic saga\\redux-saga-beginner-tutorial\\Ecommerce\\redux-saga\\src\\Left.jsx","statementMap":{"0":{"start":{"line":7,"column":23},"end":{"line":9,"column":3}},"1":{"start":{"line":8,"column":15},"end":{"line":8,"column":50}},"2":{"start":{"line":10,"column":19},"end":{"line":10,"column":32}},"3":{"start":{"line":12,"column":16},"end":{"line":18,"column":3}},"4":{"start":{"line":20,"column":31},"end":{"line":23,"column":3}},"5":{"start":{"line":21,"column":4},"end":{"line":21,"column":36}},"6":{"start":{"line":22,"column":4},"end":{"line":22,"column":40}},"7":{"start":{"line":25,"column":2},"end":{"line":46,"column":4}},"8":{"start":{"line":28,"column":8},"end":{"line":43,"column":14}},"9":{"start":{"line":35,"column":30},"end":{"line":35,"column":61}}},"fnMap":{"0":{"name":"Left","decl":{"start":{"line":6,"column":9},"end":{"line":6,"column":13}},"loc":{"start":{"line":6,"column":16},"end":{"line":47,"column":1}},"line":6},"1":{"name":"(anonymous_1)","decl":{"start":{"line":8,"column":4},"end":{"line":8,"column":5}},"loc":{"start":{"line":8,"column":15},"end":{"line":8,"column":50}},"line":8},"2":{"name":"(anonymous_2)","decl":{"start":{"line":20,"column":31},"end":{"line":20,"column":32}},"loc":{"start":{"line":20,"column":45},"end":{"line":23,"column":3}},"line":20},"3":{"name":"(anonymous_3)","decl":{"start":{"line":27,"column":17},"end":{"line":27,"column":18}},"loc":{"start":{"line":28,"column":8},"end":{"line":43,"column":14}},"line":28},"4":{"name":"(anonymous_4)","decl":{"start":{"line":35,"column":24},"end":{"line":35,"column":25}},"loc":{"start":{"line":35,"column":30},"end":{"line":35,"column":61}},"line":35}},"branchMap":{},"s":{"0":0,"1":0,"2":0,"3":0,"4":0,"5":0,"6":0,"7":0,"8":0,"9":0},"f":{"0":0,"1":0,"2":0,"3":0,"4":0},"b":{}}
,"C:\\Users\\sai\\Desktop\\basic saga\\redux-saga-beginner-tutorial\\Ecommerce\\redux-saga\\src\\ProductDetails.jsx": {"path":"C:\\Users\\sai\\Desktop\\basic saga\\redux-saga-beginner-tutorial\\Ecommerce\\redux-saga\\src\\ProductDetails.jsx","statementMap":{"0":{"start":{"line":6,"column":27},"end":{"line":60,"column":1}},"1":{"start":{"line":7,"column":17},"end":{"line":7,"column":28}},"2":{"start":{"line":8,"column":19},"end":{"line":8,"column":32}},"3":{"start":{"line":9,"column":19},"end":{"line":9,"column":61}},"4":{"start":{"line":9,"column":42},"end":{"line":9,"column":60}},"5":{"start":{"line":10,"column":32},"end":{"line":10,"column":46}},"6":{"start":{"line":12,"column":2},"end":{"line":15,"column":21}},"7":{"start":{"line":13,"column":28},"end":{"line":13,"column":77}},"8":{"start":{"line":13,"column":52},"end":{"line":13,"column":76}},"9":{"start":{"line":14,"column":4},"end":{"line":14,"column":32}},"10":{"start":{"line":17,"column":23},"end":{"line":19,"column":3}},"11":{"start":{"line":18,"column":4},"end":{"line":18,"column":18}},"12":{"start":{"line":21,"column":29},"end":{"line":39,"column":3}},"13":{"start":{"line":22,"column":26},"end":{"line":22,"column":54}},"14":{"start":{"line":23,"column":4},"end":{"line":23,"column":44}},"15":{"start":{"line":24,"column":22},"end":{"line":24,"column":47}},"16":{"start":{"line":25,"column":21},"end":{"line":25,"column":54}},"17":{"start":{"line":26,"column":23},"end":{"line":26,"column":57}},"18":{"start":{"line":28,"column":19},"end":{"line":28,"column":21}},"19":{"start":{"line":29,"column":4},"end":{"line":31,"column":5}},"20":{"start":{"line":29,"column":17},"end":{"line":29,"column":18}},"21":{"start":{"line":30,"column":6},"end":{"line":30,"column":24}},"22":{"start":{"line":32,"column":4},"end":{"line":34,"column":5}},"23":{"start":{"line":33,"column":6},"end":{"line":33,"column":24}},"24":{"start":{"line":35,"column":4},"end":{"line":37,"column":5}},"25":{"start":{"line":35,"column":17},"end":{"line":35,"column":18}},"26":{"start":{"line":36,"column":6},"end":{"line":36,"column":22}},"27":{"start":{"line":38,"column":4},"end":{"line":38,"column":28}},"28":{"start":{"line":41,"column":2},"end":{"line":59,"column":4}}},"fnMap":{"0":{"name":"(anonymous_0)","decl":{"start":{"line":6,"column":27},"end":{"line":6,"column":28}},"loc":{"start":{"line":6,"column":33},"end":{"line":60,"column":1}},"line":6},"1":{"name":"(anonymous_1)","decl":{"start":{"line":9,"column":31},"end":{"line":9,"column":32}},"loc":{"start":{"line":9,"column":42},"end":{"line":9,"column":60}},"line":9},"2":{"name":"(anonymous_2)","decl":{"start":{"line":12,"column":12},"end":{"line":12,"column":13}},"loc":{"start":{"line":12,"column":18},"end":{"line":15,"column":3}},"line":12},"3":{"name":"(anonymous_3)","decl":{"start":{"line":13,"column":42},"end":{"line":13,"column":43}},"loc":{"start":{"line":13,"column":52},"end":{"line":13,"column":76}},"line":13},"4":{"name":"(anonymous_4)","decl":{"start":{"line":17,"column":23},"end":{"line":17,"column":24}},"loc":{"start":{"line":17,"column":29},"end":{"line":19,"column":3}},"line":17},"5":{"name":"(anonymous_5)","decl":{"start":{"line":21,"column":29},"end":{"line":21,"column":30}},"loc":{"start":{"line":21,"column":41},"end":{"line":39,"column":3}},"line":21}},"branchMap":{"0":{"loc":{"start":{"line":26,"column":40},"end":{"line":26,"column":56}},"type":"cond-expr","locations":[{"start":{"line":26,"column":51},"end":{"line":26,"column":52}},{"start":{"line":26,"column":55},"end":{"line":26,"column":56}}],"line":26},"1":{"loc":{"start":{"line":32,"column":4},"end":{"line":34,"column":5}},"type":"if","locations":[{"start":{"line":32,"column":4},"end":{"line":34,"column":5}},{"start":{},"end":{}}],"line":32},"2":{"loc":{"start":{"line":44,"column":7},"end":{"line":57,"column":7}},"type":"cond-expr","locations":[{"start":{"line":45,"column":8},"end":{"line":54,"column":14}},{"start":{"line":56,"column":8},"end":{"line":56,"column":25}}],"line":44}},"s":{"0":1,"1":2,"2":2,"3":2,"4":3,"5":2,"6":2,"7":1,"8":1,"9":1,"10":2,"11":0,"12":2,"13":1,"14":1,"15":1,"16":1,"17":1,"18":1,"19":1,"20":1,"21":4,"22":1,"23":1,"24":1,"25":1,"26":0,"27":1,"28":2},"f":{"0":2,"1":3,"2":1,"3":1,"4":0,"5":1},"b":{"0":[1,0],"1":[1,0],"2":[1,1]},"_coverageSchema":"1a1c01bbd47fc00a2c39e90264f33305004495a9","hash":"5ef416b5f81d8d2a7a4d3d67528997e872c0285e"}
,"C:\\Users\\sai\\Desktop\\basic saga\\redux-saga-beginner-tutorial\\Ecommerce\\redux-saga\\src\\Right.jsx": {"path":"C:\\Users\\sai\\Desktop\\basic saga\\redux-saga-beginner-tutorial\\Ecommerce\\redux-saga\\src\\Right.jsx","statementMap":{"0":{"start":{"line":4,"column":2},"end":{"line":4,"column":26}}},"fnMap":{"0":{"name":"Right","decl":{"start":{"line":3,"column":9},"end":{"line":3,"column":14}},"loc":{"start":{"line":3,"column":17},"end":{"line":5,"column":1}},"line":3}},"branchMap":{},"s":{"0":1},"f":{"0":1},"b":{},"_coverageSchema":"1a1c01bbd47fc00a2c39e90264f33305004495a9","hash":"c543c0bfe356361ef0d389a2d419b8d4ee795759"}
,"C:\\Users\\sai\\Desktop\\basic saga\\redux-saga-beginner-tutorial\\Ecommerce\\redux-saga\\src\\SignUp.jsx": {"path":"C:\\Users\\sai\\Desktop\\basic saga\\redux-saga-beginner-tutorial\\Ecommerce\\redux-saga\\src\\SignUp.jsx","statementMap":{"0":{"start":{"line":5,"column":19},"end":{"line":50,"column":1}},"1":{"start":{"line":6,"column":34},"end":{"line":6,"column":46}},"2":{"start":{"line":7,"column":34},"end":{"line":7,"column":46}},"3":{"start":{"line":8,"column":48},"end":{"line":8,"column":60}},"4":{"start":{"line":9,"column":42},"end":{"line":9,"column":54}},"5":{"start":{"line":11,"column":23},"end":{"line":23,"column":3}},"6":{"start":{"line":12,"column":4},"end":{"line":15,"column":5}},"7":{"start":{"line":13,"column":6},"end":{"line":13,"column":51}},"8":{"start":{"line":14,"column":6},"end":{"line":14,"column":13}},"9":{"start":{"line":16,"column":4},"end":{"line":19,"column":5}},"10":{"start":{"line":17,"column":6},"end":{"line":17,"column":48}},"11":{"start":{"line":18,"column":6},"end":{"line":18,"column":13}},"12":{"start":{"line":21,"column":4},"end":{"line":21,"column":33}},"13":{"start":{"line":25,"column":2},"end":{"line":49,"column":4}},"14":{"start":{"line":32,"column":25},"end":{"line":32,"column":52}},"15":{"start":{"line":38,"column":25},"end":{"line":38,"column":52}},"16":{"start":{"line":44,"column":25},"end":{"line":44,"column":59}}},"fnMap":{"0":{"name":"(anonymous_0)","decl":{"start":{"line":5,"column":19},"end":{"line":5,"column":20}},"loc":{"start":{"line":5,"column":25},"end":{"line":50,"column":1}},"line":5},"1":{"name":"(anonymous_1)","decl":{"start":{"line":11,"column":23},"end":{"line":11,"column":24}},"loc":{"start":{"line":11,"column":29},"end":{"line":23,"column":3}},"line":11},"2":{"name":"(anonymous_2)","decl":{"start":{"line":32,"column":18},"end":{"line":32,"column":19}},"loc":{"start":{"line":32,"column":25},"end":{"line":32,"column":52}},"line":32},"3":{"name":"(anonymous_3)","decl":{"start":{"line":38,"column":18},"end":{"line":38,"column":19}},"loc":{"start":{"line":38,"column":25},"end":{"line":38,"column":52}},"line":38},"4":{"name":"(anonymous_4)","decl":{"start":{"line":44,"column":18},"end":{"line":44,"column":19}},"loc":{"start":{"line":44,"column":25},"end":{"line":44,"column":59}},"line":44}},"branchMap":{"0":{"loc":{"start":{"line":12,"column":4},"end":{"line":15,"column":5}},"type":"if","locations":[{"start":{"line":12,"column":4},"end":{"line":15,"column":5}},{"start":{},"end":{}}],"line":12},"1":{"loc":{"start":{"line":12,"column":8},"end":{"line":12,"column":50}},"type":"binary-expr","locations":[{"start":{"line":12,"column":8},"end":{"line":12,"column":17}},{"start":{"line":12,"column":21},"end":{"line":12,"column":30}},{"start":{"line":12,"column":34},"end":{"line":12,"column":50}}],"line":12},"2":{"loc":{"start":{"line":16,"column":4},"end":{"line":19,"column":5}},"type":"if","locations":[{"start":{"line":16,"column":4},"end":{"line":19,"column":5}},{"start":{},"end":{}}],"line":16},"3":{"loc":{"start":{"line":47,"column":7},"end":{"line":47,"column":70}},"type":"binary-expr","locations":[{"start":{"line":47,"column":7},"end":{"line":47,"column":19}},{"start":{"line":47,"column":23},"end":{"line":47,"column":70}}],"line":47}},"s":{"0":0,"1":0,"2":0,"3":0,"4":0,"5":0,"6":0,"7":0,"8":0,"9":0,"10":0,"11":0,"12":0,"13":0,"14":0,"15":0,"16":0},"f":{"0":0,"1":0,"2":0,"3":0,"4":0},"b":{"0":[0,0],"1":[0,0,0],"2":[0,0],"3":[0,0]}}
,"C:\\Users\\sai\\Desktop\\basic saga\\redux-saga-beginner-tutorial\\Ecommerce\\redux-saga\\src\\SmallHeader.jsx": {"path":"C:\\Users\\sai\\Desktop\\basic saga\\redux-saga-beginner-tutorial\\Ecommerce\\redux-saga\\src\\SmallHeader.jsx","statementMap":{"0":{"start":{"line":7,"column":19},"end":{"line":7,"column":32}},"1":{"start":{"line":8,"column":23},"end":{"line":10,"column":3}},"2":{"start":{"line":9,"column":15},"end":{"line":9,"column":50}},"3":{"start":{"line":11,"column":2},"end":{"line":11,"column":44}},"4":{"start":{"line":12,"column":16},"end":{"line":18,"column":3}},"5":{"start":{"line":20,"column":23},"end":{"line":26,"column":3}},"6":{"start":{"line":25,"column":4},"end":{"line":25,"column":36}},"7":{"start":{"line":28,"column":33},"end":{"line":44,"column":3}},"8":{"start":{"line":29,"column":4},"end":{"line":29,"column":27}},"9":{"start":{"line":32,"column":19},"end":{"line":32,"column":49}},"10":{"start":{"line":33,"column":4},"end":{"line":33,"column":35}},"11":{"start":{"line":34,"column":17},"end":{"line":34,"column":56}},"12":{"start":{"line":35,"column":14},"end":{"line":35,"column":35}},"13":{"start":{"line":36,"column":14},"end":{"line":36,"column":34}},"14":{"start":{"line":37,"column":4},"end":{"line":37,"column":33}},"15":{"start":{"line":38,"column":4},"end":{"line":38,"column":32}},"16":{"start":{"line":39,"column":4},"end":{"line":39,"column":40}},"17":{"start":{"line":41,"column":4},"end":{"line":43,"column":12}},"18":{"start":{"line":42,"column":6},"end":{"line":42,"column":22}},"19":{"start":{"line":46,"column":2},"end":{"line":60,"column":4}},"20":{"start":{"line":50,"column":10},"end":{"line":56,"column":16}},"21":{"start":{"line":53,"column":28},"end":{"line":53,"column":64}}},"fnMap":{"0":{"name":"SmallHeader","decl":{"start":{"line":6,"column":9},"end":{"line":6,"column":20}},"loc":{"start":{"line":6,"column":23},"end":{"line":61,"column":1}},"line":6},"1":{"name":"(anonymous_1)","decl":{"start":{"line":9,"column":4},"end":{"line":9,"column":5}},"loc":{"start":{"line":9,"column":15},"end":{"line":9,"column":50}},"line":9},"2":{"name":"(anonymous_2)","decl":{"start":{"line":20,"column":23},"end":{"line":20,"column":24}},"loc":{"start":{"line":20,"column":37},"end":{"line":26,"column":3}},"line":20},"3":{"name":"(anonymous_3)","decl":{"start":{"line":28,"column":33},"end":{"line":28,"column":34}},"loc":{"start":{"line":28,"column":50},"end":{"line":44,"column":3}},"line":28},"4":{"name":"(anonymous_4)","decl":{"start":{"line":41,"column":15},"end":{"line":41,"column":16}},"loc":{"start":{"line":41,"column":21},"end":{"line":43,"column":5}},"line":41},"5":{"name":"(anonymous_5)","decl":{"start":{"line":49,"column":19},"end":{"line":49,"column":20}},"loc":{"start":{"line":50,"column":10},"end":{"line":56,"column":16}},"line":50},"6":{"name":"(anonymous_6)","decl":{"start":{"line":53,"column":21},"end":{"line":53,"column":22}},"loc":{"start":{"line":53,"column":28},"end":{"line":53,"column":64}},"line":53}},"branchMap":{},"s":{"0":0,"1":0,"2":0,"3":0,"4":0,"5":0,"6":0,"7":0,"8":0,"9":0,"10":0,"11":0,"12":0,"13":0,"14":0,"15":0,"16":0,"17":0,"18":0,"19":0,"20":0,"21":0},"f":{"0":0,"1":0,"2":0,"3":0,"4":0,"5":0,"6":0},"b":{}}
,"C:\\Users\\sai\\Desktop\\basic saga\\redux-saga-beginner-tutorial\\Ecommerce\\redux-saga\\src\\action.js": {"path":"C:\\Users\\sai\\Desktop\\basic saga\\redux-saga-beginner-tutorial\\Ecommerce\\redux-saga\\src\\action.js","statementMap":{"0":{"start":{"line":10,"column":25},"end":{"line":13,"column":2}},"1":{"start":{"line":10,"column":32},"end":{"line":13,"column":1}},"2":{"start":{"line":15,"column":25},"end":{"line":18,"column":2}},"3":{"start":{"line":15,"column":32},"end":{"line":18,"column":1}},"4":{"start":{"line":21,"column":25},"end":{"line":24,"column":2}},"5":{"start":{"line":21,"column":38},"end":{"line":24,"column":1}},"6":{"start":{"line":26,"column":25},"end":{"line":29,"column":2}},"7":{"start":{"line":26,"column":36},"end":{"line":29,"column":1}},"8":{"start":{"line":31,"column":26},"end":{"line":36,"column":1}},"9":{"start":{"line":32,"column":2},"end":{"line":35,"column":4}},"10":{"start":{"line":40,"column":31},"end":{"line":42,"column":2}},"11":{"start":{"line":40,"column":38},"end":{"line":42,"column":1}},"12":{"start":{"line":44,"column":29},"end":{"line":48,"column":1}},"13":{"start":{"line":45,"column":2},"end":{"line":47,"column":4}},"14":{"start":{"line":50,"column":27},"end":{"line":52,"column":2}},"15":{"start":{"line":50,"column":42},"end":{"line":52,"column":1}}},"fnMap":{"0":{"name":"(anonymous_0)","decl":{"start":{"line":10,"column":25},"end":{"line":10,"column":26}},"loc":{"start":{"line":10,"column":32},"end":{"line":13,"column":1}},"line":10},"1":{"name":"(anonymous_1)","decl":{"start":{"line":15,"column":25},"end":{"line":15,"column":26}},"loc":{"start":{"line":15,"column":32},"end":{"line":18,"column":1}},"line":15},"2":{"name":"(anonymous_2)","decl":{"start":{"line":21,"column":25},"end":{"line":21,"column":26}},"loc":{"start":{"line":21,"column":38},"end":{"line":24,"column":1}},"line":21},"3":{"name":"(anonymous_3)","decl":{"start":{"line":26,"column":25},"end":{"line":26,"column":26}},"loc":{"start":{"line":26,"column":36},"end":{"line":29,"column":1}},"line":26},"4":{"name":"(anonymous_4)","decl":{"start":{"line":31,"column":26},"end":{"line":31,"column":27}},"loc":{"start":{"line":31,"column":38},"end":{"line":36,"column":1}},"line":31},"5":{"name":"(anonymous_5)","decl":{"start":{"line":40,"column":31},"end":{"line":40,"column":32}},"loc":{"start":{"line":40,"column":38},"end":{"line":42,"column":1}},"line":40},"6":{"name":"(anonymous_6)","decl":{"start":{"line":44,"column":29},"end":{"line":44,"column":30}},"loc":{"start":{"line":44,"column":35},"end":{"line":48,"column":1}},"line":44},"7":{"name":"(anonymous_7)","decl":{"start":{"line":50,"column":27},"end":{"line":50,"column":28}},"loc":{"start":{"line":50,"column":42},"end":{"line":52,"column":1}},"line":50}},"branchMap":{},"s":{"0":3,"1":2,"2":3,"3":2,"4":3,"5":1,"6":3,"7":1,"8":3,"9":3,"10":3,"11":1,"12":3,"13":0,"14":3,"15":1},"f":{"0":2,"1":2,"2":1,"3":1,"4":3,"5":1,"6":0,"7":1},"b":{},"_coverageSchema":"1a1c01bbd47fc00a2c39e90264f33305004495a9","hash":"135a7f9a8648def362f1572a16e2365cf97a0fb5"}
,"C:\\Users\\sai\\Desktop\\basic saga\\redux-saga-beginner-tutorial\\Ecommerce\\redux-saga\\src\\constants.js": {"path":"C:\\Users\\sai\\Desktop\\basic saga\\redux-saga-beginner-tutorial\\Ecommerce\\redux-saga\\src\\constants.js","statementMap":{"0":{"start":{"line":1,"column":26},"end":{"line":1,"column":38}},"1":{"start":{"line":2,"column":34},"end":{"line":2,"column":54}},"2":{"start":{"line":3,"column":32},"end":{"line":3,"column":50}},"3":{"start":{"line":4,"column":27},"end":{"line":4,"column":40}},"4":{"start":{"line":5,"column":27},"end":{"line":5,"column":40}},"5":{"start":{"line":6,"column":33},"end":{"line":6,"column":52}},"6":{"start":{"line":7,"column":35},"end":{"line":7,"column":56}}},"fnMap":{},"branchMap":{},"s":{"0":4,"1":4,"2":4,"3":4,"4":4,"5":4,"6":4},"f":{},"b":{},"_coverageSchema":"1a1c01bbd47fc00a2c39e90264f33305004495a9","hash":"ea2de79927a40eadd12f8790045423cc5eabf890"}
,"C:\\Users\\sai\\Desktop\\basic saga\\redux-saga-beginner-tutorial\\Ecommerce\\redux-saga\\src\\helloSagas.js": {"path":"C:\\Users\\sai\\Desktop\\basic saga\\redux-saga-beginner-tutorial\\Ecommerce\\redux-saga\\src\\helloSagas.js","statementMap":{"0":{"start":{"line":6,"column":2},"end":{"line":11,"column":3}},"1":{"start":{"line":7,"column":21},"end":{"line":7,"column":79}},"2":{"start":{"line":8,"column":4},"end":{"line":8,"column":68}},"3":{"start":{"line":10,"column":4},"end":{"line":10,"column":66}},"4":{"start":{"line":15,"column":2},"end":{"line":15,"column":46}}},"fnMap":{"0":{"name":"fetchDataSaga","decl":{"start":{"line":5,"column":10},"end":{"line":5,"column":23}},"loc":{"start":{"line":5,"column":26},"end":{"line":12,"column":1}},"line":5},"1":{"name":"watchFetchData","decl":{"start":{"line":14,"column":17},"end":{"line":14,"column":31}},"loc":{"start":{"line":14,"column":34},"end":{"line":16,"column":1}},"line":14}},"branchMap":{},"s":{"0":0,"1":0,"2":0,"3":0,"4":0},"f":{"0":0,"1":0},"b":{}}
,"C:\\Users\\sai\\Desktop\\basic saga\\redux-saga-beginner-tutorial\\Ecommerce\\redux-saga\\src\\main.jsx": {"path":"C:\\Users\\sai\\Desktop\\basic saga\\redux-saga-beginner-tutorial\\Ecommerce\\redux-saga\\src\\main.jsx","statementMap":{"0":{"start":{"line":8,"column":0},"end":{"line":14,"column":2}}},"fnMap":{},"branchMap":{},"s":{"0":0},"f":{},"b":{}}
,"C:\\Users\\sai\\Desktop\\basic saga\\redux-saga-beginner-tutorial\\Ecommerce\\redux-saga\\src\\reducer.js": {"path":"C:\\Users\\sai\\Desktop\\basic saga\\redux-saga-beginner-tutorial\\Ecommerce\\redux-saga\\src\\reducer.js","statementMap":{"0":{"start":{"line":6,"column":21},"end":{"line":8,"column":1}},"1":{"start":{"line":10,"column":21},"end":{"line":16,"column":1}},"2":{"start":{"line":18,"column":18},"end":{"line":20,"column":1}},"3":{"start":{"line":22,"column":23},"end":{"line":25,"column":1}},"4":{"start":{"line":27,"column":14},"end":{"line":29,"column":1}},"5":{"start":{"line":30,"column":23},"end":{"line":53,"column":1}},"6":{"start":{"line":31,"column":2},"end":{"line":52,"column":3}},"7":{"start":{"line":33,"column":6},"end":{"line":36,"column":8}},"8":{"start":{"line":38,"column":6},"end":{"line":41,"column":8}},"9":{"start":{"line":43,"column":6},"end":{"line":48,"column":8}},"10":{"start":{"line":51,"column":6},"end":{"line":51,"column":19}},"11":{"start":{"line":55,"column":27},"end":{"line":70,"column":1}},"12":{"start":{"line":56,"column":2},"end":{"line":69,"column":3}},"13":{"start":{"line":58,"column":6},"end":{"line":61,"column":8}},"14":{"start":{"line":63,"column":6},"end":{"line":66,"column":8}},"15":{"start":{"line":65,"column":52},"end":{"line":65,"column":77}},"16":{"start":{"line":68,"column":6},"end":{"line":68,"column":19}},"17":{"start":{"line":72,"column":28},"end":{"line":116,"column":1}},"18":{"start":{"line":73,"column":2},"end":{"line":115,"column":3}},"19":{"start":{"line":75,"column":6},"end":{"line":79,"column":8}},"20":{"start":{"line":81,"column":27},"end":{"line":83,"column":7}},"21":{"start":{"line":82,"column":18},"end":{"line":82,"column":52}},"22":{"start":{"line":84,"column":6},"end":{"line":87,"column":8}},"23":{"start":{"line":89,"column":26},"end":{"line":91,"column":7}},"24":{"start":{"line":90,"column":18},"end":{"line":90,"column":49}},"25":{"start":{"line":92,"column":6},"end":{"line":95,"column":8}},"26":{"start":{"line":97,"column":22},"end":{"line":99,"column":7}},"27":{"start":{"line":98,"column":18},"end":{"line":98,"column":46}},"28":{"start":{"line":100,"column":6},"end":{"line":103,"column":8}},"29":{"start":{"line":105,"column":29},"end":{"line":107,"column":7}},"30":{"start":{"line":106,"column":18},"end":{"line":106,"column":54}},"31":{"start":{"line":108,"column":6},"end":{"line":111,"column":8}},"32":{"start":{"line":114,"column":6},"end":{"line":114,"column":19}},"33":{"start":{"line":117,"column":32},"end":{"line":132,"column":1}},"34":{"start":{"line":118,"column":2},"end":{"line":131,"column":3}},"35":{"start":{"line":120,"column":6},"end":{"line":123,"column":8}},"36":{"start":{"line":125,"column":6},"end":{"line":128,"column":8}},"37":{"start":{"line":130,"column":6},"end":{"line":130,"column":19}},"38":{"start":{"line":134,"column":36},"end":{"line":144,"column":1}},"39":{"start":{"line":135,"column":2},"end":{"line":143,"column":3}},"40":{"start":{"line":137,"column":6},"end":{"line":140,"column":8}},"41":{"start":{"line":142,"column":6},"end":{"line":142,"column":19}},"42":{"start":{"line":148,"column":27},"end":{"line":153,"column":2}}},"fnMap":{"0":{"name":"(anonymous_0)","decl":{"start":{"line":30,"column":23},"end":{"line":30,"column":24}},"loc":{"start":{"line":30,"column":57},"end":{"line":53,"column":1}},"line":30},"1":{"name":"(anonymous_1)","decl":{"start":{"line":55,"column":27},"end":{"line":55,"column":28}},"loc":{"start":{"line":55,"column":58},"end":{"line":70,"column":1}},"line":55},"2":{"name":"(anonymous_2)","decl":{"start":{"line":65,"column":42},"end":{"line":65,"column":43}},"loc":{"start":{"line":65,"column":52},"end":{"line":65,"column":77}},"line":65},"3":{"name":"(anonymous_3)","decl":{"start":{"line":72,"column":28},"end":{"line":72,"column":29}},"loc":{"start":{"line":72,"column":64},"end":{"line":116,"column":1}},"line":72},"4":{"name":"(anonymous_4)","decl":{"start":{"line":82,"column":8},"end":{"line":82,"column":9}},"loc":{"start":{"line":82,"column":18},"end":{"line":82,"column":52}},"line":82},"5":{"name":"(anonymous_5)","decl":{"start":{"line":90,"column":8},"end":{"line":90,"column":9}},"loc":{"start":{"line":90,"column":18},"end":{"line":90,"column":49}},"line":90},"6":{"name":"(anonymous_6)","decl":{"start":{"line":98,"column":8},"end":{"line":98,"column":9}},"loc":{"start":{"line":98,"column":18},"end":{"line":98,"column":46}},"line":98},"7":{"name":"(anonymous_7)","decl":{"start":{"line":106,"column":8},"end":{"line":106,"column":9}},"loc":{"start":{"line":106,"column":18},"end":{"line":106,"column":54}},"line":106},"8":{"name":"(anonymous_8)","decl":{"start":{"line":117,"column":32},"end":{"line":117,"column":33}},"loc":{"start":{"line":117,"column":66},"end":{"line":132,"column":1}},"line":117},"9":{"name":"(anonymous_9)","decl":{"start":{"line":134,"column":36},"end":{"line":134,"column":37}},"loc":{"start":{"line":134,"column":63},"end":{"line":144,"column":1}},"line":134}},"branchMap":{"0":{"loc":{"start":{"line":30,"column":24},"end":{"line":30,"column":44}},"type":"default-arg","locations":[{"start":{"line":30,"column":32},"end":{"line":30,"column":44}}],"line":30},"1":{"loc":{"start":{"line":31,"column":2},"end":{"line":52,"column":3}},"type":"switch","locations":[{"start":{"line":32,"column":4},"end":{"line":36,"column":8}},{"start":{"line":37,"column":4},"end":{"line":41,"column":8}},{"start":{"line":42,"column":4},"end":{"line":48,"column":8}},{"start":{"line":50,"column":4},"end":{"line":51,"column":19}}],"line":31},"2":{"loc":{"start":{"line":55,"column":28},"end":{"line":55,"column":45}},"type":"default-arg","locations":[{"start":{"line":55,"column":36},"end":{"line":55,"column":45}}],"line":55},"3":{"loc":{"start":{"line":56,"column":2},"end":{"line":69,"column":3}},"type":"switch","locations":[{"start":{"line":57,"column":4},"end":{"line":61,"column":8}},{"start":{"line":62,"column":4},"end":{"line":66,"column":8}},{"start":{"line":67,"column":4},"end":{"line":68,"column":19}}],"line":56},"4":{"loc":{"start":{"line":72,"column":29},"end":{"line":72,"column":51}},"type":"default-arg","locations":[{"start":{"line":72,"column":37},"end":{"line":72,"column":51}}],"line":72},"5":{"loc":{"start":{"line":73,"column":2},"end":{"line":115,"column":3}},"type":"switch","locations":[{"start":{"line":74,"column":4},"end":{"line":79,"column":8}},{"start":{"line":80,"column":4},"end":{"line":87,"column":8}},{"start":{"line":88,"column":4},"end":{"line":95,"column":8}},{"start":{"line":96,"column":4},"end":{"line":103,"column":8}},{"start":{"line":104,"column":4},"end":{"line":111,"column":8}},{"start":{"line":113,"column":4},"end":{"line":114,"column":19}}],"line":73},"6":{"loc":{"start":{"line":117,"column":33},"end":{"line":117,"column":53}},"type":"default-arg","locations":[{"start":{"line":117,"column":41},"end":{"line":117,"column":53}}],"line":117},"7":{"loc":{"start":{"line":118,"column":2},"end":{"line":131,"column":3}},"type":"switch","locations":[{"start":{"line":119,"column":4},"end":{"line":123,"column":8}},{"start":{"line":124,"column":4},"end":{"line":128,"column":8}},{"start":{"line":129,"column":4},"end":{"line":130,"column":19}}],"line":118},"8":{"loc":{"start":{"line":134,"column":37},"end":{"line":134,"column":50}},"type":"default-arg","locations":[{"start":{"line":134,"column":45},"end":{"line":134,"column":50}}],"line":134},"9":{"loc":{"start":{"line":135,"column":2},"end":{"line":143,"column":3}},"type":"switch","locations":[{"start":{"line":136,"column":4},"end":{"line":140,"column":8}},{"start":{"line":141,"column":4},"end":{"line":142,"column":19}}],"line":135}},"s":{"0":1,"1":1,"2":1,"3":1,"4":1,"5":1,"6":7,"7":1,"8":1,"9":1,"10":4,"11":1,"12":6,"13":1,"14":1,"15":2,"16":4,"17":1,"18":8,"19":1,"20":1,"21":4,"22":1,"23":1,"24":4,"25":1,"26":1,"27":4,"28":1,"29":1,"30":4,"31":1,"32":3,"33":1,"34":5,"35":1,"36":0,"37":4,"38":1,"39":0,"40":0,"41":0,"42":1},"f":{"0":7,"1":6,"2":2,"3":8,"4":4,"5":4,"6":4,"7":4,"8":5,"9":0},"b":{"0":[2],"1":[1,1,1,4],"2":[2],"3":[1,1,4],"4":[2],"5":[1,1,1,1,1,3],"6":[2],"7":[1,0,4],"8":[0],"9":[0,0]},"_coverageSchema":"1a1c01bbd47fc00a2c39e90264f33305004495a9","hash":"9dc0644ee2b73947facbe71d53b38baafd14980a"}
,"C:\\Users\\sai\\Desktop\\basic saga\\redux-saga-beginner-tutorial\\Ecommerce\\redux-saga\\src\\store.js": {"path":"C:\\Users\\sai\\Desktop\\basic saga\\redux-saga-beginner-tutorial\\Ecommerce\\redux-saga\\src\\store.js","statementMap":{"0":{"start":{"line":6,"column":23},"end":{"line":6,"column":45}},"1":{"start":{"line":8,"column":14},"end":{"line":8,"column":71}},"2":{"start":{"line":9,"column":0},"end":{"line":9,"column":35}}},"fnMap":{},"branchMap":{},"s":{"0":0,"1":0,"2":0},"f":{},"b":{}}
}
