{"C:\\Users\\sai\\Desktop\\basic saga\\redux-saga-beginner-tutorial\\Ecommerce\\redux-saga\\src\\App.jsx": {"path":"C:\\Users\\sai\\Desktop\\basic saga\\redux-saga-beginner-tutorial\\Ecommerce\\redux-saga\\src\\App.jsx","statementMap":{"0":{"start":{"line":6,"column":16},"end":{"line":6,"column":53}},"1":{"start":{"line":6,"column":33},"end":{"line":6,"column":52}},"2":{"start":{"line":7,"column":17},"end":{"line":7,"column":55}},"3":{"start":{"line":7,"column":34},"end":{"line":7,"column":54}},"4":{"start":{"line":8,"column":13},"end":{"line":8,"column":47}},"5":{"start":{"line":8,"column":30},"end":{"line":8,"column":46}},"6":{"start":{"line":9,"column":19},"end":{"line":9,"column":55}},"7":{"start":{"line":9,"column":36},"end":{"line":9,"column":54}},"8":{"start":{"line":10,"column":17},"end":{"line":10,"column":55}},"9":{"start":{"line":10,"column":34},"end":{"line":10,"column":54}},"10":{"start":{"line":11,"column":23},"end":{"line":11,"column":67}},"11":{"start":{"line":11,"column":40},"end":{"line":11,"column":66}},"12":{"start":{"line":14,"column":2},"end":{"line":31,"column":4}}},"fnMap":{"0":{"name":"(anonymous_0)","decl":{"start":{"line":6,"column":27},"end":{"line":6,"column":28}},"loc":{"start":{"line":6,"column":33},"end":{"line":6,"column":52}},"line":6},"1":{"name":"(anonymous_1)","decl":{"start":{"line":7,"column":28},"end":{"line":7,"column":29}},"loc":{"start":{"line":7,"column":34},"end":{"line":7,"column":54}},"line":7},"2":{"name":"(anonymous_2)","decl":{"start":{"line":8,"column":24},"end":{"line":8,"column":25}},"loc":{"start":{"line":8,"column":30},"end":{"line":8,"column":46}},"line":8},"3":{"name":"(anonymous_3)","decl":{"start":{"line":9,"column":30},"end":{"line":9,"column":31}},"loc":{"start":{"line":9,"column":36},"end":{"line":9,"column":54}},"line":9},"4":{"name":"(anonymous_4)","decl":{"start":{"line":10,"column":28},"end":{"line":10,"column":29}},"loc":{"start":{"line":10,"column":34},"end":{"line":10,"column":54}},"line":10},"5":{"name":"(anonymous_5)","decl":{"start":{"line":11,"column":34},"end":{"line":11,"column":35}},"loc":{"start":{"line":11,"column":40},"end":{"line":11,"column":66}},"line":11},"6":{"name":"App","decl":{"start":{"line":13,"column":9},"end":{"line":13,"column":12}},"loc":{"start":{"line":13,"column":15},"end":{"line":32,"column":1}},"line":13}},"branchMap":{},"s":{"0":0,"1":0,"2":0,"3":0,"4":0,"5":0,"6":0,"7":0,"8":0,"9":0,"10":0,"11":0,"12":0},"f":{"0":0,"1":0,"2":0,"3":0,"4":0,"5":0,"6":0},"b":{}}
,"C:\\Users\\sai\\Desktop\\basic saga\\redux-saga-beginner-tutorial\\Ecommerce\\redux-saga\\src\\Cart.jsx": {"path":"C:\\Users\\sai\\Desktop\\basic saga\\redux-saga-beginner-tutorial\\Ecommerce\\redux-saga\\src\\Cart.jsx","statementMap":{"0":{"start":{"line":8,"column":20},"end":{"line":8,"column":71}},"1":{"start":{"line":8,"column":43},"end":{"line":8,"column":70}},"2":{"start":{"line":9,"column":19},"end":{"line":9,"column":32}},"3":{"start":{"line":10,"column":18},"end":{"line":10,"column":31}},"4":{"start":{"line":12,"column":31},"end":{"line":14,"column":3}},"5":{"start":{"line":13,"column":4},"end":{"line":13,"column":29}},"6":{"start":{"line":16,"column":34},"end":{"line":18,"column":3}},"7":{"start":{"line":17,"column":4},"end":{"line":17,"column":25}},"8":{"start":{"line":20,"column":2},"end":{"line":72,"column":4}},"9":{"start":{"line":30,"column":16},"end":{"line":53,"column":21}},"10":{"start":{"line":46,"column":39},"end":{"line":46,"column":68}},"11":{"start":{"line":62,"column":41},"end":{"line":62,"column":75}}},"fnMap":{"0":{"name":"Cart","decl":{"start":{"line":7,"column":9},"end":{"line":7,"column":13}},"loc":{"start":{"line":7,"column":16},"end":{"line":73,"column":1}},"line":7},"1":{"name":"(anonymous_1)","decl":{"start":{"line":8,"column":32},"end":{"line":8,"column":33}},"loc":{"start":{"line":8,"column":43},"end":{"line":8,"column":70}},"line":8},"2":{"name":"(anonymous_2)","decl":{"start":{"line":12,"column":31},"end":{"line":12,"column":32}},"loc":{"start":{"line":12,"column":39},"end":{"line":14,"column":3}},"line":12},"3":{"name":"(anonymous_3)","decl":{"start":{"line":16,"column":34},"end":{"line":16,"column":35}},"loc":{"start":{"line":16,"column":40},"end":{"line":18,"column":3}},"line":16},"4":{"name":"(anonymous_4)","decl":{"start":{"line":29,"column":29},"end":{"line":29,"column":30}},"loc":{"start":{"line":30,"column":16},"end":{"line":53,"column":21}},"line":30},"5":{"name":"(anonymous_5)","decl":{"start":{"line":46,"column":33},"end":{"line":46,"column":34}},"loc":{"start":{"line":46,"column":39},"end":{"line":46,"column":68}},"line":46},"6":{"name":"(anonymous_6)","decl":{"start":{"line":62,"column":24},"end":{"line":62,"column":25}},"loc":{"start":{"line":62,"column":41},"end":{"line":62,"column":75}},"line":62}},"branchMap":{"0":{"loc":{"start":{"line":23,"column":7},"end":{"line":70,"column":7}},"type":"cond-expr","locations":[{"start":{"line":24,"column":8},"end":{"line":24,"column":65}},{"start":{"line":26,"column":8},"end":{"line":69,"column":11}}],"line":23}},"s":{"0":2,"1":4,"2":2,"3":2,"4":2,"5":1,"6":2,"7":0,"8":2,"9":4,"10":1,"11":4},"f":{"0":2,"1":4,"2":1,"3":0,"4":4,"5":1,"6":4},"b":{"0":[0,2]},"_coverageSchema":"1a1c01bbd47fc00a2c39e90264f33305004495a9","hash":"289e167633ba7bd495570e7d110db94465b37dc0"}
,"C:\\Users\\sai\\Desktop\\basic saga\\redux-saga-beginner-tutorial\\Ecommerce\\redux-saga\\src\\Checkout.jsx": {"path":"C:\\Users\\sai\\Desktop\\basic saga\\redux-saga-beginner-tutorial\\Ecommerce\\redux-saga\\src\\Checkout.jsx","statementMap":{"0":{"start":{"line":8,"column":20},"end":{"line":8,"column":71}},"1":{"start":{"line":8,"column":43},"end":{"line":8,"column":70}},"2":{"start":{"line":9,"column":19},"end":{"line":9,"column":32}},"3":{"start":{"line":10,"column":40},"end":{"line":10,"column":55}},"4":{"start":{"line":12,"column":27},"end":{"line":14,"column":3}},"5":{"start":{"line":13,"column":4},"end":{"line":13,"column":25}},"6":{"start":{"line":16,"column":27},"end":{"line":19,"column":3}},"7":{"start":{"line":17,"column":4},"end":{"line":17,"column":26}},"8":{"start":{"line":18,"column":4},"end":{"line":18,"column":26}},"9":{"start":{"line":21,"column":2},"end":{"line":74,"column":4}},"10":{"start":{"line":32,"column":16},"end":{"line":48,"column":21}},"11":{"start":{"line":57,"column":41},"end":{"line":57,"column":75}}},"fnMap":{"0":{"name":"Checkout","decl":{"start":{"line":7,"column":9},"end":{"line":7,"column":17}},"loc":{"start":{"line":7,"column":20},"end":{"line":75,"column":1}},"line":7},"1":{"name":"(anonymous_1)","decl":{"start":{"line":8,"column":32},"end":{"line":8,"column":33}},"loc":{"start":{"line":8,"column":43},"end":{"line":8,"column":70}},"line":8},"2":{"name":"(anonymous_2)","decl":{"start":{"line":12,"column":27},"end":{"line":12,"column":28}},"loc":{"start":{"line":12,"column":33},"end":{"line":14,"column":3}},"line":12},"3":{"name":"(anonymous_3)","decl":{"start":{"line":16,"column":27},"end":{"line":16,"column":28}},"loc":{"start":{"line":16,"column":33},"end":{"line":19,"column":3}},"line":16},"4":{"name":"(anonymous_4)","decl":{"start":{"line":31,"column":29},"end":{"line":31,"column":30}},"loc":{"start":{"line":32,"column":16},"end":{"line":48,"column":21}},"line":32},"5":{"name":"(anonymous_5)","decl":{"start":{"line":57,"column":24},"end":{"line":57,"column":25}},"loc":{"start":{"line":57,"column":41},"end":{"line":57,"column":75}},"line":57}},"branchMap":{"0":{"loc":{"start":{"line":24,"column":7},"end":{"line":72,"column":7}},"type":"cond-expr","locations":[{"start":{"line":25,"column":8},"end":{"line":25,"column":65}},{"start":{"line":27,"column":8},"end":{"line":71,"column":11}}],"line":24}},"s":{"0":2,"1":0,"2":2,"3":2,"4":2,"5":0,"6":2,"7":0,"8":0,"9":2,"10":2,"11":2},"f":{"0":2,"1":0,"2":0,"3":0,"4":2,"5":2},"b":{"0":[1,1]},"_coverageSchema":"1a1c01bbd47fc00a2c39e90264f33305004495a9","hash":"c52928d51f6cff12055113d65ccc0e2721407534"}
,"C:\\Users\\sai\\Desktop\\basic saga\\redux-saga-beginner-tutorial\\Ecommerce\\redux-saga\\src\\Counter.jsx": {"path":"C:\\Users\\sai\\Desktop\\basic saga\\redux-saga-beginner-tutorial\\Ecommerce\\redux-saga\\src\\Counter.jsx","statementMap":{"0":{"start":{"line":6,"column":19},"end":{"line":6,"column":32}},"1":{"start":{"line":7,"column":16},"end":{"line":7,"column":57}},"2":{"start":{"line":7,"column":39},"end":{"line":7,"column":56}},"3":{"start":{"line":8,"column":2},"end":{"line":8,"column":30}},"4":{"start":{"line":9,"column":2},"end":{"line":20,"column":4}},"5":{"start":{"line":12,"column":43},"end":{"line":12,"column":64}},"6":{"start":{"line":16,"column":43},"end":{"line":16,"column":64}}},"fnMap":{"0":{"name":"Counter","decl":{"start":{"line":5,"column":9},"end":{"line":5,"column":16}},"loc":{"start":{"line":5,"column":19},"end":{"line":21,"column":1}},"line":5},"1":{"name":"(anonymous_1)","decl":{"start":{"line":7,"column":28},"end":{"line":7,"column":29}},"loc":{"start":{"line":7,"column":39},"end":{"line":7,"column":56}},"line":7},"2":{"name":"(anonymous_2)","decl":{"start":{"line":12,"column":37},"end":{"line":12,"column":38}},"loc":{"start":{"line":12,"column":43},"end":{"line":12,"column":64}},"line":12},"3":{"name":"(anonymous_3)","decl":{"start":{"line":16,"column":37},"end":{"line":16,"column":38}},"loc":{"start":{"line":16,"column":43},"end":{"line":16,"column":64}},"line":16}},"branchMap":{},"s":{"0":2,"1":2,"2":4,"3":2,"4":2,"5":1,"6":1},"f":{"0":2,"1":4,"2":1,"3":1},"b":{},"_coverageSchema":"1a1c01bbd47fc00a2c39e90264f33305004495a9","hash":"734130014d6dc70b3e7c75e1ff2f3dd47bfdc29a"}
,"C:\\Users\\sai\\Desktop\\basic saga\\redux-saga-beginner-tutorial\\Ecommerce\\redux-saga\\src\\Footer.jsx": {"path":"C:\\Users\\sai\\Desktop\\basic saga\\redux-saga-beginner-tutorial\\Ecommerce\\redux-saga\\src\\Footer.jsx","statementMap":{"0":{"start":{"line":4,"column":15},"end":{"line":51,"column":1}},"1":{"start":{"line":5,"column":2},"end":{"line":50,"column":4}}},"fnMap":{"0":{"name":"(anonymous_0)","decl":{"start":{"line":4,"column":15},"end":{"line":4,"column":16}},"loc":{"start":{"line":4,"column":21},"end":{"line":51,"column":1}},"line":4}},"branchMap":{},"s":{"0":1,"1":1},"f":{"0":1},"b":{},"_coverageSchema":"1a1c01bbd47fc00a2c39e90264f33305004495a9","hash":"bb7fb57da3f392887b2e2da3b136e86d89bb104f"}
,"C:\\Users\\sai\\Desktop\\basic saga\\redux-saga-beginner-tutorial\\Ecommerce\\redux-saga\\src\\Header.jsx": {"path":"C:\\Users\\sai\\Desktop\\basic saga\\redux-saga-beginner-tutorial\\Ecommerce\\redux-saga\\src\\Header.jsx","statementMap":{"0":{"start":{"line":8,"column":25},"end":{"line":10,"column":3}},"1":{"start":{"line":9,"column":15},"end":{"line":9,"column":49}},"2":{"start":{"line":12,"column":2},"end":{"line":42,"column":4}}},"fnMap":{"0":{"name":"Header","decl":{"start":{"line":7,"column":9},"end":{"line":7,"column":15}},"loc":{"start":{"line":7,"column":18},"end":{"line":43,"column":1}},"line":7},"1":{"name":"(anonymous_1)","decl":{"start":{"line":9,"column":4},"end":{"line":9,"column":5}},"loc":{"start":{"line":9,"column":15},"end":{"line":9,"column":49}},"line":9}},"branchMap":{},"s":{"0":1,"1":2,"2":1},"f":{"0":1,"1":2},"b":{},"_coverageSchema":"1a1c01bbd47fc00a2c39e90264f33305004495a9","hash":"084af1a5926865eaeb73c1555f9015ad562a8fb9"}
,"C:\\Users\\sai\\Desktop\\basic saga\\redux-saga-beginner-tutorial\\Ecommerce\\redux-saga\\src\\HomePage.jsx": {"path":"C:\\Users\\sai\\Desktop\\basic saga\\redux-saga-beginner-tutorial\\Ecommerce\\redux-saga\\src\\HomePage.jsx","statementMap":{"0":{"start":{"line":13,"column":17},"end":{"line":107,"column":1}},"1":{"start":{"line":14,"column":16},"end":{"line":14,"column":58}},"2":{"start":{"line":14,"column":39},"end":{"line":14,"column":57}},"3":{"start":{"line":15,"column":16},"end":{"line":15,"column":64}},"4":{"start":{"line":15,"column":39},"end":{"line":15,"column":63}},"5":{"start":{"line":17,"column":19},"end":{"line":17,"column":32}},"6":{"start":{"line":18,"column":56},"end":{"line":18,"column":71}},"7":{"start":{"line":20,"column":2},"end":{"line":22,"column":17}},"8":{"start":{"line":21,"column":4},"end":{"line":21,"column":26}},"9":{"start":{"line":24,"column":2},"end":{"line":29,"column":24}},"10":{"start":{"line":25,"column":4},"end":{"line":28,"column":7}},"11":{"start":{"line":31,"column":26},"end":{"line":34,"column":3}},"12":{"start":{"line":32,"column":4},"end":{"line":32,"column":30}},"13":{"start":{"line":33,"column":4},"end":{"line":33,"column":50}},"14":{"start":{"line":36,"column":28},"end":{"line":38,"column":3}},"15":{"start":{"line":37,"column":4},"end":{"line":37,"column":49}},"16":{"start":{"line":40,"column":29},"end":{"line":48,"column":3}},"17":{"start":{"line":41,"column":18},"end":{"line":41,"column":40}},"18":{"start":{"line":42,"column":4},"end":{"line":47,"column":5}},"19":{"start":{"line":43,"column":6},"end":{"line":43,"column":25}},"20":{"start":{"line":45,"column":35},"end":{"line":45,"column":63}},"21":{"start":{"line":46,"column":6},"end":{"line":46,"column":34}},"22":{"start":{"line":50,"column":2},"end":{"line":106,"column":4}},"23":{"start":{"line":60,"column":12},"end":{"line":96,"column":18}},"24":{"start":{"line":91,"column":31},"end":{"line":91,"column":52}}},"fnMap":{"0":{"name":"(anonymous_0)","decl":{"start":{"line":13,"column":17},"end":{"line":13,"column":18}},"loc":{"start":{"line":13,"column":23},"end":{"line":107,"column":1}},"line":13},"1":{"name":"(anonymous_1)","decl":{"start":{"line":14,"column":28},"end":{"line":14,"column":29}},"loc":{"start":{"line":14,"column":39},"end":{"line":14,"column":57}},"line":14},"2":{"name":"(anonymous_2)","decl":{"start":{"line":15,"column":28},"end":{"line":15,"column":29}},"loc":{"start":{"line":15,"column":39},"end":{"line":15,"column":63}},"line":15},"3":{"name":"(anonymous_3)","decl":{"start":{"line":20,"column":12},"end":{"line":20,"column":13}},"loc":{"start":{"line":20,"column":18},"end":{"line":22,"column":3}},"line":20},"4":{"name":"(anonymous_4)","decl":{"start":{"line":24,"column":12},"end":{"line":24,"column":13}},"loc":{"start":{"line":24,"column":18},"end":{"line":29,"column":3}},"line":24},"5":{"name":"(anonymous_5)","decl":{"start":{"line":31,"column":26},"end":{"line":31,"column":27}},"loc":{"start":{"line":31,"column":36},"end":{"line":34,"column":3}},"line":31},"6":{"name":"(anonymous_6)","decl":{"start":{"line":36,"column":28},"end":{"line":36,"column":29}},"loc":{"start":{"line":36,"column":34},"end":{"line":38,"column":3}},"line":36},"7":{"name":"(anonymous_7)","decl":{"start":{"line":40,"column":29},"end":{"line":40,"column":30}},"loc":{"start":{"line":40,"column":46},"end":{"line":48,"column":3}},"line":40},"8":{"name":"(anonymous_8)","decl":{"start":{"line":59,"column":21},"end":{"line":59,"column":22}},"loc":{"start":{"line":60,"column":12},"end":{"line":96,"column":18}},"line":60},"9":{"name":"(anonymous_9)","decl":{"start":{"line":91,"column":25},"end":{"line":91,"column":26}},"loc":{"start":{"line":91,"column":31},"end":{"line":91,"column":52}},"line":91}},"branchMap":{"0":{"loc":{"start":{"line":42,"column":4},"end":{"line":47,"column":5}},"type":"if","locations":[{"start":{"line":42,"column":4},"end":{"line":47,"column":5}},{"start":{"line":44,"column":11},"end":{"line":47,"column":5}}],"line":42},"1":{"loc":{"start":{"line":66,"column":19},"end":{"line":71,"column":21}},"type":"binary-expr","locations":[{"start":{"line":66,"column":19},"end":{"line":66,"column":39}},{"start":{"line":67,"column":20},"end":{"line":67,"column":59}},{"start":{"line":68,"column":22},"end":{"line":70,"column":29}}],"line":66},"2":{"loc":{"start":{"line":72,"column":19},"end":{"line":76,"column":19}},"type":"binary-expr","locations":[{"start":{"line":72,"column":19},"end":{"line":72,"column":38}},{"start":{"line":73,"column":20},"end":{"line":75,"column":27}}],"line":72}},"s":{"0":0,"1":0,"2":0,"3":0,"4":0,"5":0,"6":0,"7":0,"8":0,"9":0,"10":0,"11":0,"12":0,"13":0,"14":0,"15":0,"16":0,"17":0,"18":0,"19":0,"20":0,"21":0,"22":0,"23":0,"24":0},"f":{"0":0,"1":0,"2":0,"3":0,"4":0,"5":0,"6":0,"7":0,"8":0,"9":0},"b":{"0":[0,0],"1":[0,0,0],"2":[0,0]}}
,"C:\\Users\\sai\\Desktop\\basic saga\\redux-saga-beginner-tutorial\\Ecommerce\\redux-saga\\src\\Left.jsx": {"path":"C:\\Users\\sai\\Desktop\\basic saga\\redux-saga-beginner-tutorial\\Ecommerce\\redux-saga\\src\\Left.jsx","statementMap":{"0":{"start":{"line":7,"column":19},"end":{"line":7,"column":32}},"1":{"start":{"line":9,"column":16},"end":{"line":15,"column":3}},"2":{"start":{"line":17,"column":31},"end":{"line":20,"column":3}},"3":{"start":{"line":18,"column":4},"end":{"line":18,"column":36}},"4":{"start":{"line":19,"column":4},"end":{"line":19,"column":40}},"5":{"start":{"line":22,"column":2},"end":{"line":42,"column":4}},"6":{"start":{"line":25,"column":8},"end":{"line":39,"column":14}},"7":{"start":{"line":31,"column":30},"end":{"line":31,"column":61}}},"fnMap":{"0":{"name":"Left","decl":{"start":{"line":6,"column":9},"end":{"line":6,"column":13}},"loc":{"start":{"line":6,"column":16},"end":{"line":43,"column":1}},"line":6},"1":{"name":"(anonymous_1)","decl":{"start":{"line":17,"column":31},"end":{"line":17,"column":32}},"loc":{"start":{"line":17,"column":45},"end":{"line":20,"column":3}},"line":17},"2":{"name":"(anonymous_2)","decl":{"start":{"line":24,"column":17},"end":{"line":24,"column":18}},"loc":{"start":{"line":25,"column":8},"end":{"line":39,"column":14}},"line":25},"3":{"name":"(anonymous_3)","decl":{"start":{"line":31,"column":24},"end":{"line":31,"column":25}},"loc":{"start":{"line":31,"column":30},"end":{"line":31,"column":61}},"line":31}},"branchMap":{},"s":{"0":0,"1":0,"2":0,"3":0,"4":0,"5":0,"6":0,"7":0},"f":{"0":0,"1":0,"2":0,"3":0},"b":{}}
,"C:\\Users\\sai\\Desktop\\basic saga\\redux-saga-beginner-tutorial\\Ecommerce\\redux-saga\\src\\Modal.jsx": {"path":"C:\\Users\\sai\\Desktop\\basic saga\\redux-saga-beginner-tutorial\\Ecommerce\\redux-saga\\src\\Modal.jsx","statementMap":{"0":{"start":{"line":6,"column":19},"end":{"line":6,"column":32}},"1":{"start":{"line":7,"column":2},"end":{"line":9,"column":3}},"2":{"start":{"line":8,"column":4},"end":{"line":8,"column":16}},"3":{"start":{"line":11,"column":2},"end":{"line":24,"column":4}},"4":{"start":{"line":17,"column":53},"end":{"line":17,"column":72}}},"fnMap":{"0":{"name":"Modal","decl":{"start":{"line":5,"column":9},"end":{"line":5,"column":14}},"loc":{"start":{"line":5,"column":44},"end":{"line":25,"column":1}},"line":5},"1":{"name":"(anonymous_1)","decl":{"start":{"line":17,"column":46},"end":{"line":17,"column":47}},"loc":{"start":{"line":17,"column":53},"end":{"line":17,"column":72}},"line":17}},"branchMap":{"0":{"loc":{"start":{"line":7,"column":2},"end":{"line":9,"column":3}},"type":"if","locations":[{"start":{"line":7,"column":2},"end":{"line":9,"column":3}},{"start":{},"end":{}}],"line":7}},"s":{"0":5,"1":5,"2":1,"3":4,"4":1},"f":{"0":5,"1":1},"b":{"0":[1,4]},"_coverageSchema":"1a1c01bbd47fc00a2c39e90264f33305004495a9","hash":"d5c0e980afdb2d465ccb17b2d746f2c65e7abbcf"}
,"C:\\Users\\sai\\Desktop\\basic saga\\redux-saga-beginner-tutorial\\Ecommerce\\redux-saga\\src\\ProductDetails.jsx": {"path":"C:\\Users\\sai\\Desktop\\basic saga\\redux-saga-beginner-tutorial\\Ecommerce\\redux-saga\\src\\ProductDetails.jsx","statementMap":{"0":{"start":{"line":6,"column":27},"end":{"line":60,"column":1}},"1":{"start":{"line":7,"column":17},"end":{"line":7,"column":28}},"2":{"start":{"line":8,"column":19},"end":{"line":8,"column":32}},"3":{"start":{"line":9,"column":19},"end":{"line":9,"column":61}},"4":{"start":{"line":9,"column":42},"end":{"line":9,"column":60}},"5":{"start":{"line":10,"column":32},"end":{"line":10,"column":46}},"6":{"start":{"line":12,"column":2},"end":{"line":15,"column":21}},"7":{"start":{"line":13,"column":28},"end":{"line":13,"column":77}},"8":{"start":{"line":13,"column":52},"end":{"line":13,"column":76}},"9":{"start":{"line":14,"column":4},"end":{"line":14,"column":32}},"10":{"start":{"line":17,"column":23},"end":{"line":19,"column":3}},"11":{"start":{"line":18,"column":4},"end":{"line":18,"column":18}},"12":{"start":{"line":21,"column":29},"end":{"line":39,"column":3}},"13":{"start":{"line":22,"column":26},"end":{"line":22,"column":54}},"14":{"start":{"line":23,"column":4},"end":{"line":23,"column":44}},"15":{"start":{"line":24,"column":22},"end":{"line":24,"column":47}},"16":{"start":{"line":25,"column":21},"end":{"line":25,"column":54}},"17":{"start":{"line":26,"column":23},"end":{"line":26,"column":57}},"18":{"start":{"line":28,"column":19},"end":{"line":28,"column":21}},"19":{"start":{"line":29,"column":4},"end":{"line":31,"column":5}},"20":{"start":{"line":29,"column":17},"end":{"line":29,"column":18}},"21":{"start":{"line":30,"column":6},"end":{"line":30,"column":24}},"22":{"start":{"line":32,"column":4},"end":{"line":34,"column":5}},"23":{"start":{"line":33,"column":6},"end":{"line":33,"column":24}},"24":{"start":{"line":35,"column":4},"end":{"line":37,"column":5}},"25":{"start":{"line":35,"column":17},"end":{"line":35,"column":18}},"26":{"start":{"line":36,"column":6},"end":{"line":36,"column":22}},"27":{"start":{"line":38,"column":4},"end":{"line":38,"column":28}},"28":{"start":{"line":41,"column":2},"end":{"line":59,"column":4}}},"fnMap":{"0":{"name":"(anonymous_0)","decl":{"start":{"line":6,"column":27},"end":{"line":6,"column":28}},"loc":{"start":{"line":6,"column":33},"end":{"line":60,"column":1}},"line":6},"1":{"name":"(anonymous_1)","decl":{"start":{"line":9,"column":31},"end":{"line":9,"column":32}},"loc":{"start":{"line":9,"column":42},"end":{"line":9,"column":60}},"line":9},"2":{"name":"(anonymous_2)","decl":{"start":{"line":12,"column":12},"end":{"line":12,"column":13}},"loc":{"start":{"line":12,"column":18},"end":{"line":15,"column":3}},"line":12},"3":{"name":"(anonymous_3)","decl":{"start":{"line":13,"column":42},"end":{"line":13,"column":43}},"loc":{"start":{"line":13,"column":52},"end":{"line":13,"column":76}},"line":13},"4":{"name":"(anonymous_4)","decl":{"start":{"line":17,"column":23},"end":{"line":17,"column":24}},"loc":{"start":{"line":17,"column":29},"end":{"line":19,"column":3}},"line":17},"5":{"name":"(anonymous_5)","decl":{"start":{"line":21,"column":29},"end":{"line":21,"column":30}},"loc":{"start":{"line":21,"column":41},"end":{"line":39,"column":3}},"line":21}},"branchMap":{"0":{"loc":{"start":{"line":26,"column":40},"end":{"line":26,"column":56}},"type":"cond-expr","locations":[{"start":{"line":26,"column":51},"end":{"line":26,"column":52}},{"start":{"line":26,"column":55},"end":{"line":26,"column":56}}],"line":26},"1":{"loc":{"start":{"line":32,"column":4},"end":{"line":34,"column":5}},"type":"if","locations":[{"start":{"line":32,"column":4},"end":{"line":34,"column":5}},{"start":{},"end":{}}],"line":32},"2":{"loc":{"start":{"line":44,"column":7},"end":{"line":57,"column":7}},"type":"cond-expr","locations":[{"start":{"line":45,"column":8},"end":{"line":54,"column":14}},{"start":{"line":56,"column":8},"end":{"line":56,"column":25}}],"line":44}},"s":{"0":1,"1":2,"2":2,"3":2,"4":3,"5":2,"6":2,"7":1,"8":1,"9":1,"10":2,"11":0,"12":2,"13":1,"14":1,"15":1,"16":1,"17":1,"18":1,"19":1,"20":1,"21":4,"22":1,"23":1,"24":1,"25":1,"26":0,"27":1,"28":2},"f":{"0":2,"1":3,"2":1,"3":1,"4":0,"5":1},"b":{"0":[1,0],"1":[1,0],"2":[1,1]},"_coverageSchema":"1a1c01bbd47fc00a2c39e90264f33305004495a9","hash":"5ef416b5f81d8d2a7a4d3d67528997e872c0285e"}
,"C:\\Users\\sai\\Desktop\\basic saga\\redux-saga-beginner-tutorial\\Ecommerce\\redux-saga\\src\\Right.jsx": {"path":"C:\\Users\\sai\\Desktop\\basic saga\\redux-saga-beginner-tutorial\\Ecommerce\\redux-saga\\src\\Right.jsx","statementMap":{"0":{"start":{"line":4,"column":2},"end":{"line":4,"column":26}}},"fnMap":{"0":{"name":"Right","decl":{"start":{"line":3,"column":9},"end":{"line":3,"column":14}},"loc":{"start":{"line":3,"column":17},"end":{"line":5,"column":1}},"line":3}},"branchMap":{},"s":{"0":1},"f":{"0":1},"b":{},"_coverageSchema":"1a1c01bbd47fc00a2c39e90264f33305004495a9","hash":"c543c0bfe356361ef0d389a2d419b8d4ee795759"}
,"C:\\Users\\sai\\Desktop\\basic saga\\redux-saga-beginner-tutorial\\Ecommerce\\redux-saga\\src\\SignUp.jsx": {"path":"C:\\Users\\sai\\Desktop\\basic saga\\redux-saga-beginner-tutorial\\Ecommerce\\redux-saga\\src\\SignUp.jsx","statementMap":{"0":{"start":{"line":5,"column":19},"end":{"line":50,"column":1}},"1":{"start":{"line":6,"column":34},"end":{"line":6,"column":46}},"2":{"start":{"line":7,"column":34},"end":{"line":7,"column":46}},"3":{"start":{"line":8,"column":48},"end":{"line":8,"column":60}},"4":{"start":{"line":9,"column":42},"end":{"line":9,"column":54}},"5":{"start":{"line":11,"column":23},"end":{"line":23,"column":3}},"6":{"start":{"line":12,"column":4},"end":{"line":15,"column":5}},"7":{"start":{"line":13,"column":6},"end":{"line":13,"column":51}},"8":{"start":{"line":14,"column":6},"end":{"line":14,"column":13}},"9":{"start":{"line":16,"column":4},"end":{"line":19,"column":5}},"10":{"start":{"line":17,"column":6},"end":{"line":17,"column":48}},"11":{"start":{"line":18,"column":6},"end":{"line":18,"column":13}},"12":{"start":{"line":21,"column":4},"end":{"line":21,"column":33}},"13":{"start":{"line":25,"column":2},"end":{"line":49,"column":4}},"14":{"start":{"line":32,"column":25},"end":{"line":32,"column":52}},"15":{"start":{"line":38,"column":25},"end":{"line":38,"column":52}},"16":{"start":{"line":44,"column":25},"end":{"line":44,"column":59}}},"fnMap":{"0":{"name":"(anonymous_0)","decl":{"start":{"line":5,"column":19},"end":{"line":5,"column":20}},"loc":{"start":{"line":5,"column":25},"end":{"line":50,"column":1}},"line":5},"1":{"name":"(anonymous_1)","decl":{"start":{"line":11,"column":23},"end":{"line":11,"column":24}},"loc":{"start":{"line":11,"column":29},"end":{"line":23,"column":3}},"line":11},"2":{"name":"(anonymous_2)","decl":{"start":{"line":32,"column":18},"end":{"line":32,"column":19}},"loc":{"start":{"line":32,"column":25},"end":{"line":32,"column":52}},"line":32},"3":{"name":"(anonymous_3)","decl":{"start":{"line":38,"column":18},"end":{"line":38,"column":19}},"loc":{"start":{"line":38,"column":25},"end":{"line":38,"column":52}},"line":38},"4":{"name":"(anonymous_4)","decl":{"start":{"line":44,"column":18},"end":{"line":44,"column":19}},"loc":{"start":{"line":44,"column":25},"end":{"line":44,"column":59}},"line":44}},"branchMap":{"0":{"loc":{"start":{"line":12,"column":4},"end":{"line":15,"column":5}},"type":"if","locations":[{"start":{"line":12,"column":4},"end":{"line":15,"column":5}},{"start":{},"end":{}}],"line":12},"1":{"loc":{"start":{"line":12,"column":8},"end":{"line":12,"column":50}},"type":"binary-expr","locations":[{"start":{"line":12,"column":8},"end":{"line":12,"column":17}},{"start":{"line":12,"column":21},"end":{"line":12,"column":30}},{"start":{"line":12,"column":34},"end":{"line":12,"column":50}}],"line":12},"2":{"loc":{"start":{"line":16,"column":4},"end":{"line":19,"column":5}},"type":"if","locations":[{"start":{"line":16,"column":4},"end":{"line":19,"column":5}},{"start":{},"end":{}}],"line":16},"3":{"loc":{"start":{"line":47,"column":7},"end":{"line":47,"column":70}},"type":"binary-expr","locations":[{"start":{"line":47,"column":7},"end":{"line":47,"column":19}},{"start":{"line":47,"column":23},"end":{"line":47,"column":70}}],"line":47}},"s":{"0":0,"1":0,"2":0,"3":0,"4":0,"5":0,"6":0,"7":0,"8":0,"9":0,"10":0,"11":0,"12":0,"13":0,"14":0,"15":0,"16":0},"f":{"0":0,"1":0,"2":0,"3":0,"4":0},"b":{"0":[0,0],"1":[0,0,0],"2":[0,0],"3":[0,0]}}
,"C:\\Users\\sai\\Desktop\\basic saga\\redux-saga-beginner-tutorial\\Ecommerce\\redux-saga\\src\\SmallHeader.jsx": {"path":"C:\\Users\\sai\\Desktop\\basic saga\\redux-saga-beginner-tutorial\\Ecommerce\\redux-saga\\src\\SmallHeader.jsx","statementMap":{"0":{"start":{"line":7,"column":19},"end":{"line":7,"column":32}},"1":{"start":{"line":8,"column":23},"end":{"line":10,"column":3}},"2":{"start":{"line":9,"column":15},"end":{"line":9,"column":50}},"3":{"start":{"line":11,"column":2},"end":{"line":11,"column":44}},"4":{"start":{"line":12,"column":16},"end":{"line":18,"column":3}},"5":{"start":{"line":20,"column":23},"end":{"line":22,"column":3}},"6":{"start":{"line":21,"column":4},"end":{"line":21,"column":36}},"7":{"start":{"line":24,"column":33},"end":{"line":40,"column":3}},"8":{"start":{"line":25,"column":4},"end":{"line":25,"column":27}},"9":{"start":{"line":28,"column":19},"end":{"line":28,"column":49}},"10":{"start":{"line":29,"column":4},"end":{"line":29,"column":35}},"11":{"start":{"line":30,"column":17},"end":{"line":30,"column":56}},"12":{"start":{"line":31,"column":14},"end":{"line":31,"column":35}},"13":{"start":{"line":32,"column":14},"end":{"line":32,"column":34}},"14":{"start":{"line":33,"column":4},"end":{"line":33,"column":33}},"15":{"start":{"line":34,"column":4},"end":{"line":34,"column":32}},"16":{"start":{"line":35,"column":4},"end":{"line":35,"column":40}},"17":{"start":{"line":37,"column":4},"end":{"line":39,"column":12}},"18":{"start":{"line":38,"column":6},"end":{"line":38,"column":22}},"19":{"start":{"line":42,"column":2},"end":{"line":56,"column":4}},"20":{"start":{"line":46,"column":10},"end":{"line":52,"column":16}},"21":{"start":{"line":49,"column":28},"end":{"line":49,"column":64}}},"fnMap":{"0":{"name":"SmallHeader","decl":{"start":{"line":6,"column":9},"end":{"line":6,"column":20}},"loc":{"start":{"line":6,"column":23},"end":{"line":57,"column":1}},"line":6},"1":{"name":"(anonymous_1)","decl":{"start":{"line":9,"column":4},"end":{"line":9,"column":5}},"loc":{"start":{"line":9,"column":15},"end":{"line":9,"column":50}},"line":9},"2":{"name":"(anonymous_2)","decl":{"start":{"line":20,"column":23},"end":{"line":20,"column":24}},"loc":{"start":{"line":20,"column":37},"end":{"line":22,"column":3}},"line":20},"3":{"name":"(anonymous_3)","decl":{"start":{"line":24,"column":33},"end":{"line":24,"column":34}},"loc":{"start":{"line":24,"column":50},"end":{"line":40,"column":3}},"line":24},"4":{"name":"(anonymous_4)","decl":{"start":{"line":37,"column":15},"end":{"line":37,"column":16}},"loc":{"start":{"line":37,"column":21},"end":{"line":39,"column":5}},"line":37},"5":{"name":"(anonymous_5)","decl":{"start":{"line":45,"column":19},"end":{"line":45,"column":20}},"loc":{"start":{"line":46,"column":10},"end":{"line":52,"column":16}},"line":46},"6":{"name":"(anonymous_6)","decl":{"start":{"line":49,"column":21},"end":{"line":49,"column":22}},"loc":{"start":{"line":49,"column":28},"end":{"line":49,"column":64}},"line":49}},"branchMap":{},"s":{"0":0,"1":0,"2":0,"3":0,"4":0,"5":0,"6":0,"7":0,"8":0,"9":0,"10":0,"11":0,"12":0,"13":0,"14":0,"15":0,"16":0,"17":0,"18":0,"19":0,"20":0,"21":0},"f":{"0":0,"1":0,"2":0,"3":0,"4":0,"5":0,"6":0},"b":{}}
,"C:\\Users\\sai\\Desktop\\basic saga\\redux-saga-beginner-tutorial\\Ecommerce\\redux-saga\\src\\action.js": {"path":"C:\\Users\\sai\\Desktop\\basic saga\\redux-saga-beginner-tutorial\\Ecommerce\\redux-saga\\src\\action.js","statementMap":{"0":{"start":{"line":11,"column":25},"end":{"line":14,"column":2}},"1":{"start":{"line":11,"column":32},"end":{"line":14,"column":1}},"2":{"start":{"line":16,"column":25},"end":{"line":19,"column":2}},"3":{"start":{"line":16,"column":32},"end":{"line":19,"column":1}},"4":{"start":{"line":22,"column":25},"end":{"line":25,"column":2}},"5":{"start":{"line":22,"column":38},"end":{"line":25,"column":1}},"6":{"start":{"line":27,"column":25},"end":{"line":30,"column":2}},"7":{"start":{"line":27,"column":36},"end":{"line":30,"column":1}},"8":{"start":{"line":32,"column":26},"end":{"line":37,"column":1}},"9":{"start":{"line":33,"column":2},"end":{"line":36,"column":4}},"10":{"start":{"line":41,"column":31},"end":{"line":43,"column":2}},"11":{"start":{"line":41,"column":38},"end":{"line":43,"column":1}},"12":{"start":{"line":45,"column":29},"end":{"line":49,"column":1}},"13":{"start":{"line":46,"column":2},"end":{"line":48,"column":4}},"14":{"start":{"line":51,"column":27},"end":{"line":53,"column":2}},"15":{"start":{"line":51,"column":42},"end":{"line":53,"column":1}},"16":{"start":{"line":55,"column":25},"end":{"line":57,"column":2}},"17":{"start":{"line":55,"column":32},"end":{"line":57,"column":1}}},"fnMap":{"0":{"name":"(anonymous_0)","decl":{"start":{"line":11,"column":25},"end":{"line":11,"column":26}},"loc":{"start":{"line":11,"column":32},"end":{"line":14,"column":1}},"line":11},"1":{"name":"(anonymous_1)","decl":{"start":{"line":16,"column":25},"end":{"line":16,"column":26}},"loc":{"start":{"line":16,"column":32},"end":{"line":19,"column":1}},"line":16},"2":{"name":"(anonymous_2)","decl":{"start":{"line":22,"column":25},"end":{"line":22,"column":26}},"loc":{"start":{"line":22,"column":38},"end":{"line":25,"column":1}},"line":22},"3":{"name":"(anonymous_3)","decl":{"start":{"line":27,"column":25},"end":{"line":27,"column":26}},"loc":{"start":{"line":27,"column":36},"end":{"line":30,"column":1}},"line":27},"4":{"name":"(anonymous_4)","decl":{"start":{"line":32,"column":26},"end":{"line":32,"column":27}},"loc":{"start":{"line":32,"column":38},"end":{"line":37,"column":1}},"line":32},"5":{"name":"(anonymous_5)","decl":{"start":{"line":41,"column":31},"end":{"line":41,"column":32}},"loc":{"start":{"line":41,"column":38},"end":{"line":43,"column":1}},"line":41},"6":{"name":"(anonymous_6)","decl":{"start":{"line":45,"column":29},"end":{"line":45,"column":30}},"loc":{"start":{"line":45,"column":35},"end":{"line":49,"column":1}},"line":45},"7":{"name":"(anonymous_7)","decl":{"start":{"line":51,"column":27},"end":{"line":51,"column":28}},"loc":{"start":{"line":51,"column":42},"end":{"line":53,"column":1}},"line":51},"8":{"name":"(anonymous_8)","decl":{"start":{"line":55,"column":25},"end":{"line":55,"column":26}},"loc":{"start":{"line":55,"column":32},"end":{"line":57,"column":1}},"line":55}},"branchMap":{},"s":{"0":4,"1":2,"2":4,"3":2,"4":4,"5":1,"6":4,"7":1,"8":4,"9":3,"10":4,"11":1,"12":4,"13":0,"14":4,"15":1,"16":4,"17":0},"f":{"0":2,"1":2,"2":1,"3":1,"4":3,"5":1,"6":0,"7":1,"8":0},"b":{},"_coverageSchema":"1a1c01bbd47fc00a2c39e90264f33305004495a9","hash":"2bf26fb940f850de7950a506bee14107c8d66fec"}
,"C:\\Users\\sai\\Desktop\\basic saga\\redux-saga-beginner-tutorial\\Ecommerce\\redux-saga\\src\\constants.js": {"path":"C:\\Users\\sai\\Desktop\\basic saga\\redux-saga-beginner-tutorial\\Ecommerce\\redux-saga\\src\\constants.js","statementMap":{"0":{"start":{"line":1,"column":26},"end":{"line":1,"column":38}},"1":{"start":{"line":2,"column":34},"end":{"line":2,"column":54}},"2":{"start":{"line":3,"column":32},"end":{"line":3,"column":50}},"3":{"start":{"line":4,"column":27},"end":{"line":4,"column":40}},"4":{"start":{"line":5,"column":27},"end":{"line":5,"column":40}},"5":{"start":{"line":6,"column":33},"end":{"line":6,"column":52}},"6":{"start":{"line":7,"column":35},"end":{"line":7,"column":56}},"7":{"start":{"line":8,"column":26},"end":{"line":8,"column":38}}},"fnMap":{},"branchMap":{},"s":{"0":5,"1":5,"2":5,"3":5,"4":5,"5":5,"6":5,"7":5},"f":{},"b":{},"_coverageSchema":"1a1c01bbd47fc00a2c39e90264f33305004495a9","hash":"c2aab6fa2be1f6aec08fc2919ecc236ffd59193c"}
,"C:\\Users\\sai\\Desktop\\basic saga\\redux-saga-beginner-tutorial\\Ecommerce\\redux-saga\\src\\helloSagas.js": {"path":"C:\\Users\\sai\\Desktop\\basic saga\\redux-saga-beginner-tutorial\\Ecommerce\\redux-saga\\src\\helloSagas.js","statementMap":{"0":{"start":{"line":6,"column":2},"end":{"line":11,"column":3}},"1":{"start":{"line":7,"column":21},"end":{"line":7,"column":79}},"2":{"start":{"line":8,"column":4},"end":{"line":8,"column":68}},"3":{"start":{"line":10,"column":4},"end":{"line":10,"column":66}},"4":{"start":{"line":15,"column":2},"end":{"line":15,"column":46}}},"fnMap":{"0":{"name":"fetchDataSaga","decl":{"start":{"line":5,"column":10},"end":{"line":5,"column":23}},"loc":{"start":{"line":5,"column":26},"end":{"line":12,"column":1}},"line":5},"1":{"name":"watchFetchData","decl":{"start":{"line":14,"column":17},"end":{"line":14,"column":31}},"loc":{"start":{"line":14,"column":34},"end":{"line":16,"column":1}},"line":14}},"branchMap":{},"s":{"0":0,"1":0,"2":0,"3":0,"4":1},"f":{"0":0,"1":1},"b":{},"_coverageSchema":"1a1c01bbd47fc00a2c39e90264f33305004495a9","hash":"f89d6e701a2930f1aa2e9a40c9f81ac37c7f5668"}
,"C:\\Users\\sai\\Desktop\\basic saga\\redux-saga-beginner-tutorial\\Ecommerce\\redux-saga\\src\\main.jsx": {"path":"C:\\Users\\sai\\Desktop\\basic saga\\redux-saga-beginner-tutorial\\Ecommerce\\redux-saga\\src\\main.jsx","statementMap":{"0":{"start":{"line":8,"column":0},"end":{"line":14,"column":2}}},"fnMap":{},"branchMap":{},"s":{"0":0},"f":{},"b":{}}
,"C:\\Users\\sai\\Desktop\\basic saga\\redux-saga-beginner-tutorial\\Ecommerce\\redux-saga\\src\\reducer.js": {"path":"C:\\Users\\sai\\Desktop\\basic saga\\redux-saga-beginner-tutorial\\Ecommerce\\redux-saga\\src\\reducer.js","statementMap":{"0":{"start":{"line":11,"column":21},"end":{"line":13,"column":1}},"1":{"start":{"line":15,"column":21},"end":{"line":21,"column":1}},"2":{"start":{"line":23,"column":18},"end":{"line":25,"column":1}},"3":{"start":{"line":27,"column":23},"end":{"line":30,"column":1}},"4":{"start":{"line":32,"column":14},"end":{"line":34,"column":1}},"5":{"start":{"line":35,"column":23},"end":{"line":59,"column":1}},"6":{"start":{"line":36,"column":2},"end":{"line":58,"column":3}},"7":{"start":{"line":38,"column":6},"end":{"line":41,"column":8}},"8":{"start":{"line":43,"column":6},"end":{"line":46,"column":8}},"9":{"start":{"line":49,"column":6},"end":{"line":54,"column":8}},"10":{"start":{"line":57,"column":6},"end":{"line":57,"column":19}},"11":{"start":{"line":60,"column":27},"end":{"line":96,"column":1}},"12":{"start":{"line":61,"column":2},"end":{"line":95,"column":3}},"13":{"start":{"line":64,"column":32},"end":{"line":66,"column":7}},"14":{"start":{"line":65,"column":18},"end":{"line":65,"column":44}},"15":{"start":{"line":68,"column":6},"end":{"line":82,"column":7}},"16":{"start":{"line":70,"column":33},"end":{"line":70,"column":53}},"17":{"start":{"line":71,"column":8},"end":{"line":71,"column":55}},"18":{"start":{"line":72,"column":8},"end":{"line":75,"column":10}},"19":{"start":{"line":78,"column":8},"end":{"line":81,"column":10}},"20":{"start":{"line":84,"column":6},"end":{"line":87,"column":8}},"21":{"start":{"line":86,"column":52},"end":{"line":86,"column":77}},"22":{"start":{"line":89,"column":6},"end":{"line":92,"column":8}},"23":{"start":{"line":94,"column":6},"end":{"line":94,"column":19}},"24":{"start":{"line":98,"column":28},"end":{"line":142,"column":1}},"25":{"start":{"line":99,"column":2},"end":{"line":141,"column":3}},"26":{"start":{"line":101,"column":6},"end":{"line":105,"column":8}},"27":{"start":{"line":107,"column":27},"end":{"line":109,"column":7}},"28":{"start":{"line":108,"column":18},"end":{"line":108,"column":52}},"29":{"start":{"line":110,"column":6},"end":{"line":113,"column":8}},"30":{"start":{"line":115,"column":26},"end":{"line":117,"column":7}},"31":{"start":{"line":116,"column":18},"end":{"line":116,"column":49}},"32":{"start":{"line":118,"column":6},"end":{"line":121,"column":8}},"33":{"start":{"line":123,"column":22},"end":{"line":125,"column":7}},"34":{"start":{"line":124,"column":18},"end":{"line":124,"column":46}},"35":{"start":{"line":126,"column":6},"end":{"line":129,"column":8}},"36":{"start":{"line":131,"column":29},"end":{"line":133,"column":7}},"37":{"start":{"line":132,"column":18},"end":{"line":132,"column":54}},"38":{"start":{"line":134,"column":6},"end":{"line":137,"column":8}},"39":{"start":{"line":140,"column":6},"end":{"line":140,"column":19}},"40":{"start":{"line":143,"column":32},"end":{"line":158,"column":1}},"41":{"start":{"line":144,"column":2},"end":{"line":157,"column":3}},"42":{"start":{"line":146,"column":6},"end":{"line":149,"column":8}},"43":{"start":{"line":151,"column":6},"end":{"line":154,"column":8}},"44":{"start":{"line":156,"column":6},"end":{"line":156,"column":19}},"45":{"start":{"line":160,"column":36},"end":{"line":170,"column":1}},"46":{"start":{"line":161,"column":2},"end":{"line":169,"column":3}},"47":{"start":{"line":163,"column":6},"end":{"line":166,"column":8}},"48":{"start":{"line":168,"column":6},"end":{"line":168,"column":19}},"49":{"start":{"line":174,"column":27},"end":{"line":179,"column":2}}},"fnMap":{"0":{"name":"(anonymous_0)","decl":{"start":{"line":35,"column":23},"end":{"line":35,"column":24}},"loc":{"start":{"line":35,"column":57},"end":{"line":59,"column":1}},"line":35},"1":{"name":"(anonymous_1)","decl":{"start":{"line":60,"column":27},"end":{"line":60,"column":28}},"loc":{"start":{"line":60,"column":58},"end":{"line":96,"column":1}},"line":60},"2":{"name":"(anonymous_2)","decl":{"start":{"line":65,"column":8},"end":{"line":65,"column":9}},"loc":{"start":{"line":65,"column":18},"end":{"line":65,"column":44}},"line":65},"3":{"name":"(anonymous_3)","decl":{"start":{"line":86,"column":42},"end":{"line":86,"column":43}},"loc":{"start":{"line":86,"column":52},"end":{"line":86,"column":77}},"line":86},"4":{"name":"(anonymous_4)","decl":{"start":{"line":98,"column":28},"end":{"line":98,"column":29}},"loc":{"start":{"line":98,"column":64},"end":{"line":142,"column":1}},"line":98},"5":{"name":"(anonymous_5)","decl":{"start":{"line":108,"column":8},"end":{"line":108,"column":9}},"loc":{"start":{"line":108,"column":18},"end":{"line":108,"column":52}},"line":108},"6":{"name":"(anonymous_6)","decl":{"start":{"line":116,"column":8},"end":{"line":116,"column":9}},"loc":{"start":{"line":116,"column":18},"end":{"line":116,"column":49}},"line":116},"7":{"name":"(anonymous_7)","decl":{"start":{"line":124,"column":8},"end":{"line":124,"column":9}},"loc":{"start":{"line":124,"column":18},"end":{"line":124,"column":46}},"line":124},"8":{"name":"(anonymous_8)","decl":{"start":{"line":132,"column":8},"end":{"line":132,"column":9}},"loc":{"start":{"line":132,"column":18},"end":{"line":132,"column":54}},"line":132},"9":{"name":"(anonymous_9)","decl":{"start":{"line":143,"column":32},"end":{"line":143,"column":33}},"loc":{"start":{"line":143,"column":66},"end":{"line":158,"column":1}},"line":143},"10":{"name":"(anonymous_10)","decl":{"start":{"line":160,"column":36},"end":{"line":160,"column":37}},"loc":{"start":{"line":160,"column":63},"end":{"line":170,"column":1}},"line":160}},"branchMap":{"0":{"loc":{"start":{"line":35,"column":24},"end":{"line":35,"column":44}},"type":"default-arg","locations":[{"start":{"line":35,"column":32},"end":{"line":35,"column":44}}],"line":35},"1":{"loc":{"start":{"line":36,"column":2},"end":{"line":58,"column":3}},"type":"switch","locations":[{"start":{"line":37,"column":4},"end":{"line":41,"column":8}},{"start":{"line":42,"column":4},"end":{"line":46,"column":8}},{"start":{"line":48,"column":4},"end":{"line":54,"column":8}},{"start":{"line":56,"column":4},"end":{"line":57,"column":19}}],"line":36},"2":{"loc":{"start":{"line":60,"column":28},"end":{"line":60,"column":45}},"type":"default-arg","locations":[{"start":{"line":60,"column":36},"end":{"line":60,"column":45}}],"line":60},"3":{"loc":{"start":{"line":61,"column":2},"end":{"line":95,"column":3}},"type":"switch","locations":[{"start":{"line":62,"column":4},"end":{"line":82,"column":7}},{"start":{"line":83,"column":4},"end":{"line":87,"column":8}},{"start":{"line":88,"column":4},"end":{"line":92,"column":8}},{"start":{"line":93,"column":4},"end":{"line":94,"column":19}}],"line":61},"4":{"loc":{"start":{"line":68,"column":6},"end":{"line":82,"column":7}},"type":"if","locations":[{"start":{"line":68,"column":6},"end":{"line":82,"column":7}},{"start":{"line":76,"column":13},"end":{"line":82,"column":7}}],"line":68},"5":{"loc":{"start":{"line":98,"column":29},"end":{"line":98,"column":51}},"type":"default-arg","locations":[{"start":{"line":98,"column":37},"end":{"line":98,"column":51}}],"line":98},"6":{"loc":{"start":{"line":99,"column":2},"end":{"line":141,"column":3}},"type":"switch","locations":[{"start":{"line":100,"column":4},"end":{"line":105,"column":8}},{"start":{"line":106,"column":4},"end":{"line":113,"column":8}},{"start":{"line":114,"column":4},"end":{"line":121,"column":8}},{"start":{"line":122,"column":4},"end":{"line":129,"column":8}},{"start":{"line":130,"column":4},"end":{"line":137,"column":8}},{"start":{"line":139,"column":4},"end":{"line":140,"column":19}}],"line":99},"7":{"loc":{"start":{"line":143,"column":33},"end":{"line":143,"column":53}},"type":"default-arg","locations":[{"start":{"line":143,"column":41},"end":{"line":143,"column":53}}],"line":143},"8":{"loc":{"start":{"line":144,"column":2},"end":{"line":157,"column":3}},"type":"switch","locations":[{"start":{"line":145,"column":4},"end":{"line":149,"column":8}},{"start":{"line":150,"column":4},"end":{"line":154,"column":8}},{"start":{"line":155,"column":4},"end":{"line":156,"column":19}}],"line":144},"9":{"loc":{"start":{"line":160,"column":37},"end":{"line":160,"column":50}},"type":"default-arg","locations":[{"start":{"line":160,"column":45},"end":{"line":160,"column":50}}],"line":160},"10":{"loc":{"start":{"line":161,"column":2},"end":{"line":169,"column":3}},"type":"switch","locations":[{"start":{"line":162,"column":4},"end":{"line":166,"column":8}},{"start":{"line":167,"column":4},"end":{"line":168,"column":19}}],"line":161}},"s":{"0":2,"1":2,"2":2,"3":2,"4":2,"5":2,"6":10,"7":1,"8":1,"9":1,"10":7,"11":2,"12":9,"13":1,"14":0,"15":1,"16":0,"17":0,"18":0,"19":1,"20":1,"21":2,"22":0,"23":7,"24":2,"25":11,"26":1,"27":1,"28":4,"29":1,"30":1,"31":4,"32":1,"33":1,"34":4,"35":1,"36":1,"37":4,"38":1,"39":6,"40":2,"41":8,"42":1,"43":0,"44":7,"45":2,"46":0,"47":0,"48":0,"49":2},"f":{"0":10,"1":9,"2":0,"3":2,"4":11,"5":4,"6":4,"7":4,"8":4,"9":8,"10":0},"b":{"0":[5],"1":[1,1,1,7],"2":[5],"3":[1,1,0,7],"4":[0,1],"5":[5],"6":[1,1,1,1,1,6],"7":[5],"8":[1,0,7],"9":[0],"10":[0,0]},"_coverageSchema":"1a1c01bbd47fc00a2c39e90264f33305004495a9","hash":"4c86615db589ffa199296af920148ee1b8b2e764"}
,"C:\\Users\\sai\\Desktop\\basic saga\\redux-saga-beginner-tutorial\\Ecommerce\\redux-saga\\src\\store.js": {"path":"C:\\Users\\sai\\Desktop\\basic saga\\redux-saga-beginner-tutorial\\Ecommerce\\redux-saga\\src\\store.js","statementMap":{"0":{"start":{"line":6,"column":23},"end":{"line":6,"column":45}},"1":{"start":{"line":8,"column":14},"end":{"line":8,"column":71}},"2":{"start":{"line":9,"column":0},"end":{"line":9,"column":35}}},"fnMap":{},"branchMap":{},"s":{"0":1,"1":1,"2":1},"f":{},"b":{},"_coverageSchema":"1a1c01bbd47fc00a2c39e90264f33305004495a9","hash":"70a474f31c93f306dc33e6e764ba0a9f85dc4ac5"}
}
