TN:
SF:src\App.jsx
FN:6,(anonymous_0)
FN:7,(anonymous_1)
FN:8,(anonymous_2)
FN:9,(anonymous_3)
FN:10,(anonymous_4)
FN:11,(anonymous_5)
FN:13,App
FNF:7
FNH:0
FNDA:0,(anonymous_0)
FNDA:0,(anonymous_1)
FNDA:0,(anonymous_2)
FNDA:0,(anonymous_3)
FNDA:0,(anonymous_4)
FNDA:0,(anonymous_5)
FNDA:0,App
DA:6,0
DA:7,0
DA:8,0
DA:9,0
DA:10,0
DA:11,0
DA:14,0
LF:7
LH:0
BRF:0
BRH:0
end_of_record
TN:
SF:src\Cart.jsx
FN:6,Cart
FN:7,(anonymous_1)
FN:11,(anonymous_2)
FN:20,(anonymous_3)
FN:36,(anonymous_4)
FN:51,(anonymous_5)
FNF:6
FNH:6
FNDA:2,Cart
FNDA:4,(anonymous_1)
FNDA:1,(anonymous_2)
FNDA:4,(anonymous_3)
FNDA:1,(anonymous_4)
FNDA:4,(anonymous_5)
DA:7,4
DA:9,2
DA:11,2
DA:12,1
DA:15,2
DA:21,4
DA:36,1
DA:51,4
LF:8
LH:8
BRF:0
BRH:0
end_of_record
TN:
SF:src\Checkout.jsx
FN:7,(anonymous_0)
FN:11,(anonymous_1)
FN:15,(anonymous_2)
FN:19,(anonymous_3)
FN:22,Checkout
FNF:5
FNH:2
FNDA:2,(anonymous_0)
FNDA:0,(anonymous_1)
FNDA:0,(anonymous_2)
FNDA:0,(anonymous_3)
FNDA:1,Checkout
DA:4,1
DA:7,2
DA:11,0
DA:15,0
DA:19,0
DA:23,1
LF:6
LH:3
BRF:0
BRH:0
end_of_record
TN:
SF:src\CheckoutStepper.jsx
FN:5,(anonymous_0)
FN:14,(anonymous_1)
FN:25,(anonymous_2)
FN:26,(anonymous_3)
FN:36,(anonymous_4)
FN:45,(anonymous_5)
FN:49,(anonymous_6)
FNF:7
FNH:5
FNDA:2,(anonymous_0)
FNDA:1,(anonymous_1)
FNDA:0,(anonymous_2)
FNDA:0,(anonymous_3)
FNDA:2,(anonymous_4)
FNDA:8,(anonymous_5)
FNDA:16,(anonymous_6)
DA:5,1
DA:6,2
DA:7,2
DA:8,2
DA:12,2
DA:14,2
DA:15,1
DA:21,2
DA:22,0
DA:25,2
DA:26,0
DA:27,0
DA:28,0
DA:29,0
DA:31,0
DA:36,2
DA:37,2
DA:40,2
DA:42,2
DA:46,8
DA:49,16
LF:21
LH:15
BRDA:5,0,0,0
BRDA:21,1,0,0
BRDA:21,1,1,2
BRDA:27,2,0,0
BRDA:27,2,1,0
BRDA:51,3,0,0
BRDA:51,3,1,8
BRDA:51,4,0,8
BRDA:51,4,1,8
BRDA:52,5,0,2
BRDA:52,5,1,6
BRDA:55,6,0,0
BRDA:55,6,1,8
BRDA:55,7,0,8
BRDA:55,7,1,8
BRDA:83,8,0,2
BRDA:83,8,1,2
BRDA:85,9,0,0
BRDA:85,9,1,2
BRF:19
BRH:12
end_of_record
TN:
SF:src\Counter.jsx
FN:5,Counter
FN:7,(anonymous_1)
FN:12,(anonymous_2)
FN:16,(anonymous_3)
FNF:4
FNH:4
FNDA:2,Counter
FNDA:4,(anonymous_1)
FNDA:1,(anonymous_2)
FNDA:1,(anonymous_3)
DA:6,2
DA:7,4
DA:8,2
DA:9,2
DA:12,1
DA:16,1
LF:6
LH:6
BRF:0
BRH:0
end_of_record
TN:
SF:src\Footer.jsx
FN:4,(anonymous_0)
FNF:1
FNH:1
FNDA:1,(anonymous_0)
DA:4,1
DA:5,1
LF:2
LH:2
BRF:0
BRH:0
end_of_record
TN:
SF:src\Header.jsx
FN:6,Header
FN:7,(anonymous_1)
FNF:2
FNH:2
FNDA:1,Header
FNDA:2,(anonymous_1)
DA:7,2
DA:8,1
DA:9,1
LF:3
LH:3
BRF:0
BRH:0
end_of_record
TN:
SF:src\HomePage.jsx
FN:13,(anonymous_0)
FN:14,(anonymous_1)
FN:15,(anonymous_2)
FN:20,(anonymous_3)
FN:24,(anonymous_4)
FN:31,(anonymous_5)
FN:36,(anonymous_6)
FN:40,(anonymous_7)
FN:59,(anonymous_8)
FN:91,(anonymous_9)
FNF:10
FNH:0
FNDA:0,(anonymous_0)
FNDA:0,(anonymous_1)
FNDA:0,(anonymous_2)
FNDA:0,(anonymous_3)
FNDA:0,(anonymous_4)
FNDA:0,(anonymous_5)
FNDA:0,(anonymous_6)
FNDA:0,(anonymous_7)
FNDA:0,(anonymous_8)
FNDA:0,(anonymous_9)
DA:13,0
DA:14,0
DA:15,0
DA:17,0
DA:18,0
DA:20,0
DA:21,0
DA:24,0
DA:25,0
DA:31,0
DA:32,0
DA:33,0
DA:36,0
DA:37,0
DA:40,0
DA:41,0
DA:42,0
DA:43,0
DA:45,0
DA:46,0
DA:50,0
DA:60,0
DA:91,0
LF:23
LH:0
BRDA:42,0,0,0
BRDA:42,0,1,0
BRDA:66,1,0,0
BRDA:66,1,1,0
BRDA:66,1,2,0
BRDA:72,2,0,0
BRDA:72,2,1,0
BRF:7
BRH:0
end_of_record
TN:
SF:src\Left.jsx
FN:6,Left
FN:8,(anonymous_1)
FN:20,(anonymous_2)
FN:27,(anonymous_3)
FN:35,(anonymous_4)
FNF:5
FNH:0
FNDA:0,Left
FNDA:0,(anonymous_1)
FNDA:0,(anonymous_2)
FNDA:0,(anonymous_3)
FNDA:0,(anonymous_4)
DA:7,0
DA:8,0
DA:10,0
DA:12,0
DA:20,0
DA:21,0
DA:22,0
DA:25,0
DA:28,0
DA:35,0
LF:10
LH:0
BRF:0
BRH:0
end_of_record
TN:
SF:src\ProductDetails.jsx
FN:6,(anonymous_0)
FN:9,(anonymous_1)
FN:12,(anonymous_2)
FN:13,(anonymous_3)
FN:17,(anonymous_4)
FN:21,(anonymous_5)
FNF:6
FNH:5
FNDA:2,(anonymous_0)
FNDA:3,(anonymous_1)
FNDA:1,(anonymous_2)
FNDA:1,(anonymous_3)
FNDA:0,(anonymous_4)
FNDA:1,(anonymous_5)
DA:6,1
DA:7,2
DA:8,2
DA:9,3
DA:10,2
DA:12,2
DA:13,1
DA:14,1
DA:17,2
DA:18,0
DA:21,2
DA:22,1
DA:23,1
DA:24,1
DA:25,1
DA:26,1
DA:28,1
DA:29,1
DA:30,4
DA:32,1
DA:33,1
DA:35,1
DA:36,0
DA:38,1
DA:41,2
LF:25
LH:23
BRDA:26,0,0,1
BRDA:26,0,1,0
BRDA:32,1,0,1
BRDA:32,1,1,0
BRDA:44,2,0,1
BRDA:44,2,1,1
BRF:6
BRH:4
end_of_record
TN:
SF:src\Right.jsx
FN:3,Right
FNF:1
FNH:1
FNDA:1,Right
DA:4,1
LF:1
LH:1
BRF:0
BRH:0
end_of_record
TN:
SF:src\SignUp.jsx
FN:5,(anonymous_0)
FN:11,(anonymous_1)
FN:32,(anonymous_2)
FN:38,(anonymous_3)
FN:44,(anonymous_4)
FNF:5
FNH:0
FNDA:0,(anonymous_0)
FNDA:0,(anonymous_1)
FNDA:0,(anonymous_2)
FNDA:0,(anonymous_3)
FNDA:0,(anonymous_4)
DA:5,0
DA:6,0
DA:7,0
DA:8,0
DA:9,0
DA:11,0
DA:12,0
DA:13,0
DA:14,0
DA:16,0
DA:17,0
DA:18,0
DA:21,0
DA:25,0
DA:32,0
DA:38,0
DA:44,0
LF:17
LH:0
BRDA:12,0,0,0
BRDA:12,0,1,0
BRDA:12,1,0,0
BRDA:12,1,1,0
BRDA:12,1,2,0
BRDA:16,2,0,0
BRDA:16,2,1,0
BRDA:47,3,0,0
BRDA:47,3,1,0
BRF:9
BRH:0
end_of_record
TN:
SF:src\SmallHeader.jsx
FN:6,SmallHeader
FN:9,(anonymous_1)
FN:20,(anonymous_2)
FN:28,(anonymous_3)
FN:41,(anonymous_4)
FN:49,(anonymous_5)
FN:53,(anonymous_6)
FNF:7
FNH:0
FNDA:0,SmallHeader
FNDA:0,(anonymous_1)
FNDA:0,(anonymous_2)
FNDA:0,(anonymous_3)
FNDA:0,(anonymous_4)
FNDA:0,(anonymous_5)
FNDA:0,(anonymous_6)
DA:7,0
DA:8,0
DA:9,0
DA:11,0
DA:12,0
DA:20,0
DA:25,0
DA:28,0
DA:29,0
DA:32,0
DA:33,0
DA:34,0
DA:35,0
DA:36,0
DA:37,0
DA:38,0
DA:39,0
DA:41,0
DA:42,0
DA:46,0
DA:50,0
DA:53,0
LF:22
LH:0
BRF:0
BRH:0
end_of_record
TN:
SF:src\action.js
FN:10,(anonymous_0)
FN:15,(anonymous_1)
FN:21,(anonymous_2)
FN:26,(anonymous_3)
FN:31,(anonymous_4)
FN:40,(anonymous_5)
FN:44,(anonymous_6)
FN:50,(anonymous_7)
FNF:8
FNH:7
FNDA:2,(anonymous_0)
FNDA:2,(anonymous_1)
FNDA:1,(anonymous_2)
FNDA:1,(anonymous_3)
FNDA:3,(anonymous_4)
FNDA:1,(anonymous_5)
FNDA:0,(anonymous_6)
FNDA:1,(anonymous_7)
DA:10,3
DA:15,3
DA:21,3
DA:26,3
DA:31,3
DA:32,3
DA:40,3
DA:44,3
DA:45,0
DA:50,3
LF:10
LH:9
BRF:0
BRH:0
end_of_record
TN:
SF:src\constants.js
FNF:0
FNH:0
DA:1,4
DA:2,4
DA:3,4
DA:4,4
DA:5,4
DA:6,4
DA:7,4
LF:7
LH:7
BRF:0
BRH:0
end_of_record
TN:
SF:src\helloSagas.js
FN:5,fetchDataSaga
FN:14,watchFetchData
FNF:2
FNH:0
FNDA:0,fetchDataSaga
FNDA:0,watchFetchData
DA:6,0
DA:7,0
DA:8,0
DA:10,0
DA:15,0
LF:5
LH:0
BRF:0
BRH:0
end_of_record
TN:
SF:src\main.jsx
FNF:0
FNH:0
DA:8,0
LF:1
LH:0
BRF:0
BRH:0
end_of_record
TN:
SF:src\reducer.js
FN:30,(anonymous_0)
FN:55,(anonymous_1)
FN:65,(anonymous_2)
FN:72,(anonymous_3)
FN:82,(anonymous_4)
FN:90,(anonymous_5)
FN:98,(anonymous_6)
FN:106,(anonymous_7)
FN:117,(anonymous_8)
FN:134,(anonymous_9)
FNF:10
FNH:9
FNDA:7,(anonymous_0)
FNDA:6,(anonymous_1)
FNDA:2,(anonymous_2)
FNDA:8,(anonymous_3)
FNDA:4,(anonymous_4)
FNDA:4,(anonymous_5)
FNDA:4,(anonymous_6)
FNDA:4,(anonymous_7)
FNDA:5,(anonymous_8)
FNDA:0,(anonymous_9)
DA:6,1
DA:10,1
DA:18,1
DA:22,1
DA:27,1
DA:30,1
DA:31,7
DA:33,1
DA:38,1
DA:43,1
DA:51,4
DA:55,1
DA:56,6
DA:58,1
DA:63,1
DA:65,2
DA:68,4
DA:72,1
DA:73,8
DA:75,1
DA:81,1
DA:82,4
DA:84,1
DA:89,1
DA:90,4
DA:92,1
DA:97,1
DA:98,4
DA:100,1
DA:105,1
DA:106,4
DA:108,1
DA:114,3
DA:117,1
DA:118,5
DA:120,1
DA:125,0
DA:130,4
DA:134,1
DA:135,0
DA:137,0
DA:142,0
DA:148,1
LF:43
LH:39
BRDA:30,0,0,2
BRDA:31,1,0,1
BRDA:31,1,1,1
BRDA:31,1,2,1
BRDA:31,1,3,4
BRDA:55,2,0,2
BRDA:56,3,0,1
BRDA:56,3,1,1
BRDA:56,3,2,4
BRDA:72,4,0,2
BRDA:73,5,0,1
BRDA:73,5,1,1
BRDA:73,5,2,1
BRDA:73,5,3,1
BRDA:73,5,4,1
BRDA:73,5,5,3
BRDA:117,6,0,2
BRDA:118,7,0,1
BRDA:118,7,1,0
BRDA:118,7,2,4
BRDA:134,8,0,0
BRDA:135,9,0,0
BRDA:135,9,1,0
BRF:23
BRH:19
end_of_record
TN:
SF:src\store.js
FNF:0
FNH:0
DA:6,0
DA:8,0
DA:9,0
LF:3
LH:0
BRF:0
BRH:0
end_of_record
